11:18:26.264 [com.WorkshopJava.app.Main] DEBUG Logger               - Configured Logger
11:18:26.288 [com.WorkshopJava.app.Main] DEBUG GameApplication      - Logging settings
Title: WorkshopJava
Version: 0.0
Width: 800
Height: 600
Fullscreen: false
Intro: false
Profiling: false
Single step:false
App Mode: DEVELOPER
Menu Key: ESCAPE
Stage Style: DECORATED
Scene Factory: class com.almasb.fxgl.app.scene.SceneFactory

11:18:26.553 [JavaFX Application Thread] DEBUG FXGLApplication      - Initializing FXGL
11:18:26.559 [JavaFX Application Thread] INFO  Engine               - FXGL-17.2 (20.08.2022 16.50) on LINUX (J:17.0.3 FX:18)
11:18:26.559 [JavaFX Application Thread] DEBUG Engine               - JRE Vendor Name: Red Hat, Inc.
11:18:26.559 [JavaFX Application Thread] DEBUG Engine               - Running on OS: Linux version 5.17.12-100.fc34.x86_64
11:18:26.560 [JavaFX Application Thread] DEBUG Engine               - Architecture: amd64
11:18:26.560 [JavaFX Application Thread] INFO  Engine               - Source code and latest versions at: https://github.com/AlmasB/FXGL
11:18:26.560 [JavaFX Application Thread] INFO  Engine               -       Ask questions and discuss at: https://github.com/AlmasB/FXGL/discussions
11:18:26.560 [JavaFX Application Thread] INFO  Engine               -              Join the FXGL chat at: https://gitter.im/AlmasB/FXGL
11:18:26.677 [JavaFX Application Thread] DEBUG PrimaryStageWindow   - Creating a JavaFX scene
11:18:26.747 [JavaFX Application Thread] DEBUG PrimaryStageWindow   - Target settings size: 800.0 x 600.0
11:18:26.748 [JavaFX Application Thread] DEBUG PrimaryStageWindow   - Scaled scene size:    800.0 x 600.0
11:18:26.748 [JavaFX Application Thread] DEBUG PrimaryStageWindow   - Scaled ratio: (1.0, 1.0)
11:18:26.749 [JavaFX Application Thread] DEBUG PrimaryStageWindow   - Set initial scene to FXGLStartupScene
11:18:26.760 [JavaFX Application Thread] DEBUG PrimaryStageWindow   - Opening main window
11:18:26.846 [JavaFX Application Thread] DEBUG PrimaryStageWindow   - Window border size: (2.0, 29.0)
11:18:26.846 [JavaFX Application Thread] DEBUG PrimaryStageWindow   - Scaled size: 800.0 x 600.0
11:18:26.847 [JavaFX Application Thread] DEBUG PrimaryStageWindow   - Scaled ratio: (1.0, 1.0)
11:18:26.847 [JavaFX Application Thread] DEBUG PrimaryStageWindow   - Scene size: 800.0 x 600.0
11:18:26.847 [JavaFX Application Thread] DEBUG PrimaryStageWindow   - Stage size: 802.0 x 629.0
11:18:26.854 [FXGL Background Thread 1 ] DEBUG Engine               - Initializing environment variables
11:18:26.886 [FXGL Background Thread 1 ] DEBUG FXGLAssetLoaderServi - User app class for loading assets: class com.WorkshopJava.app.App
11:18:26.887 [FXGL Background Thread 1 ] DEBUG GameApplicationServi - Applying CSS: fxgl_dark.css
11:18:26.887 [FXGL Background Thread 1 ] DEBUG FXGLAssetLoaderServi - Loading from file system: jar:file:/home/mjunot/.m2/repository/com/github/almasb/fxgl/17.2/fxgl-17.2.jar!/fxglassets/ui/css/fxgl_dark.css
11:18:26.968 [FXGL Background Thread 1 ] DEBUG GameApplicationServi - Initializing application scenes
11:18:27.028 [FXGL Background Thread 1 ] DEBUG GameWorld            - Game world initialized
11:18:27.103 [FXGL Background Thread 1 ] DEBUG PhysicsWorld         - Physics world initialized: appHeight=600, physics.ppm=50.0
11:18:27.104 [FXGL Background Thread 1 ] DEBUG PhysicsWorld         - Using strategy: BRUTE_FORCE
11:18:27.112 [FXGL Background Thread 1 ] DEBUG GameScene            - Game scene initialized: 800x600
11:18:27.130 [FXGL Background Thread 1 ] DEBUG FXGL.DefaultMenu     - createMenuBodyGameMenu()
11:18:27.158 [FXGL Background Thread 1 ] DEBUG FXGL.DefaultMenu     - createOptionsMenu()
11:18:27.175 [FXGL Background Thread 1 ] DEBUG FXGLAssetLoaderServi - Loading from file system: jar:file:/home/mjunot/.m2/repository/com/github/almasb/fxgl/17.2/fxgl-17.2.jar!/fxglassets/textures/particles/smoke.png
11:18:27.328 [FXGL Background Thread 1 ] DEBUG FXGLAssetLoaderServi - Loading from file system: jar:file:/home/mjunot/.m2/repository/com/github/almasb/fxgl/17.2/fxgl-17.2.jar!/fxglassets/textures/particles/trace_horizontal.png
11:18:27.355 [FXGL Background Thread 1 ] DEBUG GameApplicationServi - Application scenes initialized
11:18:27.368 [FXGL Background Thread 1 ] DEBUG SystemBundleService  - Loading FXGL system data
11:18:27.371 [FXGL Background Thread 1 ] DEBUG FileSystemAccess     - Reading from: /home/mjunot/delivery2/workshop/JAVA/WorkshopJava/WorkshopJava-app/system/fxgl.bundle
11:18:27.376 [FXGL Background Thread 1 ] DEBUG SystemBundleService  - Bundle FXGL: {}
11:18:27.376 [FXGL Background Thread 1 ] DEBUG UpdaterService       - Checking for updates
11:18:27.381 [FXGL Background Thread 4 ] DEBUG FXGLApplication      - Loading fonts
11:18:27.381 [FXGL Background Thread 4 ] DEBUG FXGLAssetLoaderServi - Loading from file system: jar:file:/home/mjunot/.m2/repository/com/github/almasb/fxgl/17.2/fxgl-17.2.jar!/fxglassets/ui/fonts/VarelaRound-Regular.ttf
11:18:27.382 [FXGL Background Thread 1 ] DEBUG FXGLApplication      - Loading default localization
11:18:27.382 [FXGL Background Thread 1 ] DEBUG FXGLAssetLoaderServi - Loading from file system: jar:file:/home/mjunot/.m2/repository/com/github/almasb/fxgl/17.2/fxgl-17.2.jar!/fxglassets/languages/english.lang
11:18:27.390 [FXGL Background Thread 4 ] DEBUG FXGLAssetLoaderServi - Loading from file system: jar:file:/home/mjunot/.m2/repository/com/github/almasb/fxgl/17.2/fxgl-17.2.jar!/fxglassets/ui/fonts/Abel-Regular.ttf
11:18:27.392 [FXGL Background Thread 4 ] DEBUG FXGLAssetLoaderServi - Loading from file system: jar:file:/home/mjunot/.m2/repository/com/github/almasb/fxgl/17.2/fxgl-17.2.jar!/fxglassets/ui/fonts/TerminalLandMono-Regular.otf
11:18:27.395 [FXGL Background Thread 4 ] DEBUG FXGLAssetLoaderServi - Loading from file system: jar:file:/home/mjunot/.m2/repository/com/github/almasb/fxgl/17.2/fxgl-17.2.jar!/fxglassets/ui/fonts/Courier-Prime.ttf
11:18:27.399 [JavaFX Application Thread] DEBUG FXGLApplication      - Registering font factories with UI factory
11:18:27.402 [FXGL Background Thread 1 ] INFO  FXGLApplication      - FXGL initialization took: 0.548 sec
11:18:27.413 [JavaFX Application Thread] DEBUG Input                - Registered new binding: action0 - Up
11:18:27.413 [JavaFX Application Thread] DEBUG Input                - Registered new binding: action1 - Down
11:18:27.414 [JavaFX Application Thread] DEBUG Input                - Registered new binding: action2 - Right
11:18:27.414 [JavaFX Application Thread] DEBUG Input                - Registered new binding: action3 - Left
11:18:27.415 [JavaFX Application Thread] DEBUG FXGLAssetLoaderServi - Loading from file system: jar:file:/home/mjunot/.m2/repository/com/github/almasb/fxgl/17.2/fxgl-17.2.jar!/fxglassets/textures/fxgl_icon.png
11:18:27.443 [JavaFX Application Thread] DEBUG FXGLAssetLoaderServi - Loading from file system: jar:file:/home/mjunot/.m2/repository/com/github/almasb/fxgl/17.2/fxgl-17.2.jar!/fxglassets/textures/fxgl_default_cursor.png
11:18:27.447 [JavaFX Application Thread] DEBUG Input                - Registered new binding: Screenshot - CTRL+8
11:18:27.448 [JavaFX Application Thread] DEBUG Input                - Registered new binding: System info dump - CTRL+9
11:18:27.449 [JavaFX Application Thread] DEBUG Input                - Registered new binding: Restart - CTRL+R
11:18:27.449 [JavaFX Application Thread] DEBUG Input                - Registered new binding: Toggle Debug Camera - CTRL+7
11:18:27.452 [JavaFX Application Thread] DEBUG LoopRunner           - Starting loop
11:18:27.452 [JavaFX Application Thread] DEBUG LoopRunner           - Initializing JavaFX AnimationTimerLoop
11:18:27.454 [JavaFX Application Thread] DEBUG GameApplicationServi - Starting new game
11:18:27.455 [JavaFX Application Thread] DEBUG Input                - Clearing active input actions
11:18:27.469 [JavaFX Application Thread] DEBUG GameApplicationServi - Removing overlay from FXGLStartupScene and adding to FXGLLoadingScene
11:18:27.470 [JavaFX Application Thread] DEBUG PrimaryStageWindow   - FXGLStartupScene -> FXGLLoadingScene
11:18:27.471 [JavaFX Application Thread] DEBUG GameApplicationServi - Clearing previous game
11:18:27.471 [JavaFX Application Thread] DEBUG GameScene            - Clearing game scene
11:18:27.471 [JavaFX Application Thread] DEBUG GameWorld            - Clearing game world
11:18:27.471 [JavaFX Application Thread] DEBUG PhysicsWorld         - Clearing physics world
11:18:27.500 [FXGL Background Thread 1 ] DEBUG FXGLApplication      - Initializing game
11:18:27.523 [FXGL Background Thread 1 ] INFO  FXGLApplication      - Game initialization took: 0.023 sec
11:18:27.641 [JavaFX Application Thread] DEBUG Input                - Clearing active input actions
11:18:27.649 [JavaFX Application Thread] DEBUG GameApplicationServi - Removing overlay from FXGLLoadingScene and adding to GameScene
11:18:27.649 [JavaFX Application Thread] DEBUG PrimaryStageWindow   - FXGLLoadingScene -> GameScene
11:18:27.936 [FXGL Background Thread 2 ] INFO  UpdaterService       - Your current version:  17.2
11:18:27.937 [FXGL Background Thread 2 ] INFO  UpdaterService       - Latest stable version: 17.3
11:18:30.380 [FXGL Background Thread 3 ] DEBUG Engine               - Logging environment variables
11:18:30.381 [FXGL Background Thread 3 ] DEBUG Engine               - achievements: []
11:18:30.381 [FXGL Background Thread 3 ] DEBUG Engine               - actualHeight: 571.0
11:18:30.382 [FXGL Background Thread 3 ] DEBUG Engine               - actualHeightProperty: ReadOnlyDoubleProperty [value: 600.0]
11:18:30.382 [FXGL Background Thread 3 ] DEBUG Engine               - actualWidth: 798.0
11:18:30.382 [FXGL Background Thread 3 ] DEBUG Engine               - actualWidthProperty: ReadOnlyDoubleProperty [value: 798.0]
11:18:30.382 [FXGL Background Thread 3 ] DEBUG Engine               - appIcon: fxgl_icon.png
11:18:30.383 [FXGL Background Thread 3 ] DEBUG Engine               - applicationMode: DEVELOPER
11:18:30.383 [FXGL Background Thread 3 ] DEBUG Engine               - cSSList: [fxgl_dark.css]
11:18:30.383 [FXGL Background Thread 3 ] DEBUG Engine               - collisionDetectionStrategy: BRUTE_FORCE
11:18:30.383 [FXGL Background Thread 3 ] DEBUG Engine               - configClass: Optional.empty
11:18:30.384 [FXGL Background Thread 3 ] DEBUG Engine               - credits: []
11:18:30.384 [FXGL Background Thread 3 ] DEBUG Engine               - defaultCursor: CursorInfo(imageName=fxgl_default_cursor.png, hotspotX=7.0, hotspotY=6.0)
11:18:30.385 [FXGL Background Thread 3 ] DEBUG Engine               - devBBoxColorProperty: ObjectProperty [value: 0xff0000ff]
11:18:30.385 [FXGL Background Thread 3 ] DEBUG Engine               - devEnableDebugCameraProperty: BooleanProperty [value: false]
11:18:30.385 [FXGL Background Thread 3 ] DEBUG Engine               - devSensorColorProperty: ObjectProperty [value: 0xffff00ff]
11:18:30.385 [FXGL Background Thread 3 ] DEBUG Engine               - devShowBBoxProperty: BooleanProperty [value: false]
11:18:30.385 [FXGL Background Thread 3 ] DEBUG Engine               - devShowPositionProperty: BooleanProperty [value: false]
11:18:30.386 [FXGL Background Thread 3 ] DEBUG Engine               - enabledMenuItems: []
11:18:30.386 [FXGL Background Thread 3 ] DEBUG Engine               - engineServices: [class com.almasb.fxgl.app.services.FXGLAssetLoaderService, class com.almasb.fxgl.app.FXGLApplication$GameApplicationService, class com.almasb.fxgl.app.services.FXGLDialogService, class com.almasb.fxgl.app.services.IOTaskExecutorService, class com.almasb.fxgl.io.FileSystemService, class com.almasb.fxgl.localization.LocalizationService, class com.almasb.fxgl.app.services.SystemBundleService, class com.almasb.fxgl.profile.SaveLoadService, class com.almasb.fxgl.ui.FXGLUIFactoryServiceProvider, class com.almasb.fxgl.ui.FXGLDialogFactoryServiceProvider, class com.almasb.fxgl.audio.AudioPlayer, class com.almasb.fxgl.notification.impl.NotificationServiceProvider, class com.almasb.fxgl.achievement.AchievementService, class com.almasb.fxgl.cutscene.CutsceneService, class com.almasb.fxgl.minigames.MiniGameService, class com.almasb.fxgl.net.NetService, class com.almasb.fxgl.app.services.UpdaterService, class com.almasb.fxgl.dev.DevService]
11:18:30.386 [FXGL Background Thread 3 ] DEBUG Engine               - fontGame: Abel-Regular.ttf
11:18:30.386 [FXGL Background Thread 3 ] DEBUG Engine               - fontMono: TerminalLandMono-Regular.otf
11:18:30.386 [FXGL Background Thread 3 ] DEBUG Engine               - fontText: Courier-Prime.ttf
11:18:30.386 [FXGL Background Thread 3 ] DEBUG Engine               - fontUI: VarelaRound-Regular.ttf
11:18:30.386 [FXGL Background Thread 3 ] DEBUG Engine               - fullScreen: BooleanProperty [value: false]
11:18:30.386 [FXGL Background Thread 3 ] DEBUG Engine               - gameDifficulty: MEDIUM
11:18:30.387 [FXGL Background Thread 3 ] DEBUG Engine               - gameDifficultyProperty: ObjectProperty [value: MEDIUM]
11:18:30.387 [FXGL Background Thread 3 ] DEBUG Engine               - globalMusicVolume: 0.5
11:18:30.387 [FXGL Background Thread 3 ] DEBUG Engine               - globalMusicVolumeProperty: DoubleProperty [value: 0.5]
11:18:30.387 [FXGL Background Thread 3 ] DEBUG Engine               - globalSoundVolume: 0.5
11:18:30.387 [FXGL Background Thread 3 ] DEBUG Engine               - globalSoundVolumeProperty: DoubleProperty [value: 0.5]
11:18:30.387 [FXGL Background Thread 3 ] DEBUG Engine               - height: 600
11:18:30.387 [FXGL Background Thread 3 ] DEBUG Engine               - is3D: false
11:18:30.388 [FXGL Background Thread 3 ] DEBUG Engine               - isAndroid: false
11:18:30.388 [FXGL Background Thread 3 ] DEBUG Engine               - isBrowser: false
11:18:30.388 [FXGL Background Thread 3 ] DEBUG Engine               - isClickFeedbackEnabled: false
11:18:30.388 [FXGL Background Thread 3 ] DEBUG Engine               - isCloseConfirmation: false
11:18:30.388 [FXGL Background Thread 3 ] DEBUG Engine               - isDesktop: true
11:18:30.388 [FXGL Background Thread 3 ] DEBUG Engine               - isDeveloperMenuEnabled: false
11:18:30.389 [FXGL Background Thread 3 ] DEBUG Engine               - isEmbedded: false
11:18:30.389 [FXGL Background Thread 3 ] DEBUG Engine               - isEntityPreloadEnabled: true
11:18:30.389 [FXGL Background Thread 3 ] DEBUG Engine               - isExperimentalTiledLargeMap: false
11:18:30.389 [FXGL Background Thread 3 ] DEBUG Engine               - isFileSystemWriteAllowed: true
11:18:30.389 [FXGL Background Thread 3 ] DEBUG Engine               - isFullScreenAllowed: false
11:18:30.390 [FXGL Background Thread 3 ] DEBUG Engine               - isFullScreenFromStart: false
11:18:30.390 [FXGL Background Thread 3 ] DEBUG Engine               - isGameMenuEnabled: true
11:18:30.390 [FXGL Background Thread 3 ] DEBUG Engine               - isIOS: false
11:18:30.390 [FXGL Background Thread 3 ] DEBUG Engine               - isIntroEnabled: false
11:18:30.390 [FXGL Background Thread 3 ] DEBUG Engine               - isLinux: true
11:18:30.391 [FXGL Background Thread 3 ] DEBUG Engine               - isMac: false
11:18:30.391 [FXGL Background Thread 3 ] DEBUG Engine               - isMainMenuEnabled: false
11:18:30.391 [FXGL Background Thread 3 ] DEBUG Engine               - isManualResizeEnabled: false
11:18:30.392 [FXGL Background Thread 3 ] DEBUG Engine               - isMobile: false
11:18:30.392 [FXGL Background Thread 3 ] DEBUG Engine               - isNative: false
11:18:30.392 [FXGL Background Thread 3 ] DEBUG Engine               - isPauseMusicWhenMinimized: true
11:18:30.392 [FXGL Background Thread 3 ] DEBUG Engine               - isPreserveResizeRatio: false
11:18:30.392 [FXGL Background Thread 3 ] DEBUG Engine               - isProfilingEnabled: false
11:18:30.393 [FXGL Background Thread 3 ] DEBUG Engine               - isScaleAffectedOnResize: true
11:18:30.393 [FXGL Background Thread 3 ] DEBUG Engine               - isSingleStep: false
11:18:30.393 [FXGL Background Thread 3 ] DEBUG Engine               - isUserProfileEnabled: false
11:18:30.393 [FXGL Background Thread 3 ] DEBUG Engine               - isWindows: false
11:18:30.393 [FXGL Background Thread 3 ] DEBUG Engine               - language: ObjectProperty [value: ENGLISH]
11:18:30.394 [FXGL Background Thread 3 ] DEBUG Engine               - menuKey: ESCAPE
11:18:30.394 [FXGL Background Thread 3 ] DEBUG Engine               - mouseSensitivity: 0.2
11:18:30.394 [FXGL Background Thread 3 ] DEBUG Engine               - notificationViewClass: class com.almasb.fxgl.notification.view.XboxNotificationView
11:18:30.394 [FXGL Background Thread 3 ] DEBUG Engine               - pixelsPerMeter: 50.0
11:18:30.394 [FXGL Background Thread 3 ] DEBUG Engine               - platform: LINUX
11:18:30.394 [FXGL Background Thread 3 ] DEBUG Engine               - prefHeightProperty: ReadOnlyDoubleProperty [value: 600.0]
11:18:30.395 [FXGL Background Thread 3 ] DEBUG Engine               - prefWidthProperty: ReadOnlyDoubleProperty [value: 800.0]
11:18:30.395 [FXGL Background Thread 3 ] DEBUG Engine               - profileDir: profiles/
11:18:30.395 [FXGL Background Thread 3 ] DEBUG Engine               - profileName: StringProperty [value: DEFAULT]
11:18:30.395 [FXGL Background Thread 3 ] DEBUG Engine               - randomSeed: -1
11:18:30.396 [FXGL Background Thread 3 ] DEBUG Engine               - runtimeInfo: RuntimeInfo(platform=LINUX, version=17.2, build=20.08.2022 16.50)
11:18:30.396 [FXGL Background Thread 3 ] DEBUG Engine               - saveFileExt: sav
11:18:30.396 [FXGL Background Thread 3 ] DEBUG Engine               - scaledHeightProp$fxgl: DoubleProperty [bound, value: 600.0]
11:18:30.396 [FXGL Background Thread 3 ] DEBUG Engine               - scaledWidthProp$fxgl: DoubleProperty [bound, value: 798.0]
11:18:30.396 [FXGL Background Thread 3 ] DEBUG Engine               - sceneFactory: com.almasb.fxgl.app.scene.SceneFactory@2d2a16c2
11:18:30.396 [FXGL Background Thread 3 ] DEBUG Engine               - secondsIn24h: 60
11:18:30.396 [FXGL Background Thread 3 ] DEBUG Engine               - soundMenuBack: menu/back.wav
11:18:30.396 [FXGL Background Thread 3 ] DEBUG Engine               - soundMenuPress: menu/press.wav
11:18:30.396 [FXGL Background Thread 3 ] DEBUG Engine               - soundMenuSelect: menu/select.wav
11:18:30.397 [FXGL Background Thread 3 ] DEBUG Engine               - soundNotification: core/notification.wav
11:18:30.397 [FXGL Background Thread 3 ] DEBUG Engine               - stageStyle: DECORATED
11:18:30.397 [FXGL Background Thread 3 ] DEBUG Engine               - supportedLanguages: [ENGLISH, FRENCH, GERMAN, HUNGARIAN, RUSSIAN]
11:18:30.397 [FXGL Background Thread 3 ] DEBUG Engine               - ticksPerSecond: -1
11:18:30.397 [FXGL Background Thread 3 ] DEBUG Engine               - title: WorkshopJava
11:18:30.397 [FXGL Background Thread 3 ] DEBUG Engine               - urlGithub: https://github.com/AlmasB/FXGL
11:18:30.397 [FXGL Background Thread 3 ] DEBUG Engine               - urlLeaderboard: http://fxgl-top.herokuapp.com/
11:18:30.397 [FXGL Background Thread 3 ] DEBUG Engine               - urlPOM: https://raw.githubusercontent.com/AlmasB/FXGL/release/README.md
11:18:30.397 [FXGL Background Thread 3 ] DEBUG Engine               - userAppClass: class com.WorkshopJava.app.App
11:18:30.398 [FXGL Background Thread 3 ] DEBUG Engine               - version: 0.0
11:18:30.398 [FXGL Background Thread 3 ] DEBUG Engine               - versionCheckDays: 7
11:18:30.398 [FXGL Background Thread 3 ] DEBUG Engine               - width: 800
11:18:30.398 [FXGL Background Thread 3 ] DEBUG Engine               - Logging services
11:18:30.398 [FXGL Background Thread 3 ] DEBUG Engine               - class com.almasb.fxgl.app.services.FXGLAssetLoaderService
11:18:30.398 [FXGL Background Thread 3 ] DEBUG Engine               - class com.almasb.fxgl.app.FXGLApplication$GameApplicationService
11:18:30.398 [FXGL Background Thread 3 ] DEBUG Engine               - class com.almasb.fxgl.app.services.FXGLDialogService
11:18:30.398 [FXGL Background Thread 3 ] DEBUG Engine               - class com.almasb.fxgl.app.services.IOTaskExecutorService
11:18:30.398 [FXGL Background Thread 3 ] DEBUG Engine               - class com.almasb.fxgl.io.FileSystemService
11:18:30.398 [FXGL Background Thread 3 ] DEBUG Engine               - class com.almasb.fxgl.localization.LocalizationService
11:18:30.398 [FXGL Background Thread 3 ] DEBUG Engine               - class com.almasb.fxgl.app.services.SystemBundleService
11:18:30.398 [FXGL Background Thread 3 ] DEBUG Engine               - class com.almasb.fxgl.profile.SaveLoadService
11:18:30.399 [FXGL Background Thread 3 ] DEBUG Engine               - class com.almasb.fxgl.ui.FXGLUIFactoryServiceProvider
11:18:30.399 [FXGL Background Thread 3 ] DEBUG Engine               - class com.almasb.fxgl.ui.FXGLDialogFactoryServiceProvider
11:18:30.399 [FXGL Background Thread 3 ] DEBUG Engine               - class com.almasb.fxgl.audio.AudioPlayer
11:18:30.399 [FXGL Background Thread 3 ] DEBUG Engine               - class com.almasb.fxgl.notification.impl.NotificationServiceProvider
11:18:30.399 [FXGL Background Thread 3 ] DEBUG Engine               - class com.almasb.fxgl.achievement.AchievementService
11:18:30.399 [FXGL Background Thread 3 ] DEBUG Engine               - class com.almasb.fxgl.cutscene.CutsceneService
11:18:30.399 [FXGL Background Thread 3 ] DEBUG Engine               - class com.almasb.fxgl.minigames.MiniGameService
11:18:30.400 [FXGL Background Thread 3 ] DEBUG Engine               - class com.almasb.fxgl.net.NetService
11:18:30.400 [FXGL Background Thread 3 ] DEBUG Engine               - class com.almasb.fxgl.app.services.UpdaterService
11:18:30.400 [FXGL Background Thread 3 ] DEBUG Engine               - class com.almasb.fxgl.dev.DevService
11:18:49.983 [JavaFX Application Thread] DEBUG FXGLApplication      - Exiting FXGL
11:18:49.983 [JavaFX Application Thread] DEBUG LoopRunner           - Stopping loop
11:18:49.984 [JavaFX Application Thread] DEBUG SystemBundleService  - Saving FXGL system data
11:18:49.987 [JavaFX Application Thread] DEBUG FileSystemAccess     - Writing to: /home/mjunot/delivery2/workshop/JAVA/WorkshopJava/WorkshopJava-app/system/fxgl.bundle
11:18:49.989 [JavaFX Application Thread] DEBUG Async                - Shutting down background threads
11:18:49.990 [JavaFX Application Thread] DEBUG PrimaryStageWindow   - Closing main window
11:18:49.993 [JavaFX Application Thread] DEBUG Logger               - Closing Logger
