11:53:43.856 [com.WorkshopJava.app.Main] DEBUG Logger               - Configured Logger
11:53:43.885 [com.WorkshopJava.app.Main] DEBUG GameApplication      - Logging settings
Title: WorkshopJava
Version: 0.0
Width: 800
Height: 600
Fullscreen: false
Intro: false
Profiling: false
Single step:false
App Mode: DEVELOPER
Menu Key: ESCAPE
Stage Style: DECORATED
Scene Factory: class com.almasb.fxgl.app.scene.SceneFactory

11:53:44.262 [JavaFX Application Thread] DEBUG FXGLApplication      - Initializing FXGL
11:53:44.272 [JavaFX Application Thread] INFO  Engine               - FXGL-17.2 (20.08.2022 16.50) on LINUX (J:17.0.3 FX:18)
11:53:44.273 [JavaFX Application Thread] DEBUG Engine               - JRE Vendor Name: Red Hat, Inc.
11:53:44.274 [JavaFX Application Thread] DEBUG Engine               - Running on OS: Linux version 5.17.12-100.fc34.x86_64
11:53:44.274 [JavaFX Application Thread] DEBUG Engine               - Architecture: amd64
11:53:44.274 [JavaFX Application Thread] INFO  Engine               - Source code and latest versions at: https://github.com/AlmasB/FXGL
11:53:44.275 [JavaFX Application Thread] INFO  Engine               -       Ask questions and discuss at: https://github.com/AlmasB/FXGL/discussions
11:53:44.275 [JavaFX Application Thread] INFO  Engine               -              Join the FXGL chat at: https://gitter.im/AlmasB/FXGL
11:53:44.485 [JavaFX Application Thread] DEBUG PrimaryStageWindow   - Creating a JavaFX scene
11:53:44.616 [JavaFX Application Thread] DEBUG PrimaryStageWindow   - Target settings size: 800.0 x 600.0
11:53:44.616 [JavaFX Application Thread] DEBUG PrimaryStageWindow   - Scaled scene size:    800.0 x 600.0
11:53:44.617 [JavaFX Application Thread] DEBUG PrimaryStageWindow   - Scaled ratio: (1.0, 1.0)
11:53:44.619 [JavaFX Application Thread] DEBUG PrimaryStageWindow   - Set initial scene to FXGLStartupScene
11:53:44.632 [JavaFX Application Thread] DEBUG PrimaryStageWindow   - Opening main window
11:53:44.733 [JavaFX Application Thread] DEBUG PrimaryStageWindow   - Window border size: (2.0, 29.0)
11:53:44.733 [JavaFX Application Thread] DEBUG PrimaryStageWindow   - Scaled size: 800.0 x 600.0
11:53:44.733 [JavaFX Application Thread] DEBUG PrimaryStageWindow   - Scaled ratio: (1.0, 1.0)
11:53:44.734 [JavaFX Application Thread] DEBUG PrimaryStageWindow   - Scene size: 800.0 x 600.0
11:53:44.734 [JavaFX Application Thread] DEBUG PrimaryStageWindow   - Stage size: 802.0 x 629.0
11:53:44.752 [FXGL Background Thread 1 ] DEBUG Engine               - Initializing environment variables
11:53:44.816 [FXGL Background Thread 1 ] DEBUG FXGLAssetLoaderServi - User app class for loading assets: class com.WorkshopJava.app.App
11:53:44.817 [FXGL Background Thread 1 ] DEBUG GameApplicationServi - Applying CSS: fxgl_dark.css
11:53:44.819 [FXGL Background Thread 1 ] DEBUG FXGLAssetLoaderServi - Loading from file system: jar:file:/home/mjunot/.m2/repository/com/github/almasb/fxgl/17.2/fxgl-17.2.jar!/fxglassets/ui/css/fxgl_dark.css
11:53:44.943 [FXGL Background Thread 1 ] DEBUG GameApplicationServi - Initializing application scenes
11:53:45.037 [FXGL Background Thread 1 ] DEBUG GameWorld            - Game world initialized
11:53:45.152 [FXGL Background Thread 1 ] DEBUG PhysicsWorld         - Physics world initialized: appHeight=600, physics.ppm=50.0
11:53:45.152 [FXGL Background Thread 1 ] DEBUG PhysicsWorld         - Using strategy: BRUTE_FORCE
11:53:45.158 [FXGL Background Thread 1 ] DEBUG GameScene            - Game scene initialized: 800x600
11:53:45.179 [FXGL Background Thread 1 ] DEBUG FXGL.DefaultMenu     - createMenuBodyGameMenu()
11:53:45.206 [FXGL Background Thread 1 ] DEBUG FXGL.DefaultMenu     - createOptionsMenu()
11:53:45.224 [FXGL Background Thread 1 ] DEBUG FXGLAssetLoaderServi - Loading from file system: jar:file:/home/mjunot/.m2/repository/com/github/almasb/fxgl/17.2/fxgl-17.2.jar!/fxglassets/textures/particles/smoke.png
11:53:45.363 [FXGL Background Thread 1 ] DEBUG FXGLAssetLoaderServi - Loading from file system: jar:file:/home/mjunot/.m2/repository/com/github/almasb/fxgl/17.2/fxgl-17.2.jar!/fxglassets/textures/particles/trace_horizontal.png
11:53:45.413 [FXGL Background Thread 1 ] DEBUG GameApplicationServi - Application scenes initialized
11:53:45.460 [FXGL Background Thread 1 ] DEBUG SystemBundleService  - Loading FXGL system data
11:53:45.470 [FXGL Background Thread 1 ] DEBUG FileSystemAccess     - Reading from: /home/mjunot/delivery2/workshop/JAVA/WorkshopJava/WorkshopJava-app/system/fxgl.bundle
11:53:45.482 [FXGL Background Thread 1 ] DEBUG SystemBundleService  - Bundle FXGL: {}
11:53:45.482 [FXGL Background Thread 1 ] DEBUG UpdaterService       - Checking for updates
11:53:45.499 [FXGL Background Thread 4 ] DEBUG FXGLApplication      - Loading fonts
11:53:45.499 [FXGL Background Thread 1 ] DEBUG FXGLApplication      - Loading default localization
11:53:45.501 [FXGL Background Thread 1 ] DEBUG FXGLAssetLoaderServi - Loading from file system: jar:file:/home/mjunot/.m2/repository/com/github/almasb/fxgl/17.2/fxgl-17.2.jar!/fxglassets/languages/english.lang
11:53:45.503 [FXGL Background Thread 4 ] DEBUG FXGLAssetLoaderServi - Loading from file system: jar:file:/home/mjunot/.m2/repository/com/github/almasb/fxgl/17.2/fxgl-17.2.jar!/fxglassets/ui/fonts/VarelaRound-Regular.ttf
11:53:45.513 [FXGL Background Thread 4 ] DEBUG FXGLAssetLoaderServi - Loading from file system: jar:file:/home/mjunot/.m2/repository/com/github/almasb/fxgl/17.2/fxgl-17.2.jar!/fxglassets/ui/fonts/Abel-Regular.ttf
11:53:45.516 [FXGL Background Thread 4 ] DEBUG FXGLAssetLoaderServi - Loading from file system: jar:file:/home/mjunot/.m2/repository/com/github/almasb/fxgl/17.2/fxgl-17.2.jar!/fxglassets/ui/fonts/TerminalLandMono-Regular.otf
11:53:45.519 [FXGL Background Thread 4 ] DEBUG FXGLAssetLoaderServi - Loading from file system: jar:file:/home/mjunot/.m2/repository/com/github/almasb/fxgl/17.2/fxgl-17.2.jar!/fxglassets/ui/fonts/Courier-Prime.ttf
11:53:45.524 [JavaFX Application Thread] DEBUG FXGLApplication      - Registering font factories with UI factory
11:53:45.535 [FXGL Background Thread 1 ] INFO  FXGLApplication      - FXGL initialization took: 0.782 sec
11:53:45.556 [JavaFX Application Thread] DEBUG Input                - Registered new binding: action0 - Up
11:53:45.557 [JavaFX Application Thread] DEBUG Input                - Registered new binding: action1 - Down
11:53:45.557 [JavaFX Application Thread] DEBUG Input                - Registered new binding: action2 - Right
11:53:45.558 [JavaFX Application Thread] DEBUG Input                - Registered new binding: action3 - Left
11:53:45.559 [JavaFX Application Thread] DEBUG FXGLAssetLoaderServi - Loading from file system: jar:file:/home/mjunot/.m2/repository/com/github/almasb/fxgl/17.2/fxgl-17.2.jar!/fxglassets/textures/fxgl_icon.png
11:53:45.597 [JavaFX Application Thread] DEBUG FXGLAssetLoaderServi - Loading from file system: jar:file:/home/mjunot/.m2/repository/com/github/almasb/fxgl/17.2/fxgl-17.2.jar!/fxglassets/textures/fxgl_default_cursor.png
11:53:45.602 [JavaFX Application Thread] DEBUG Input                - Registered new binding: Screenshot - CTRL+8
11:53:45.603 [JavaFX Application Thread] DEBUG Input                - Registered new binding: System info dump - CTRL+9
11:53:45.604 [JavaFX Application Thread] DEBUG Input                - Registered new binding: Restart - CTRL+R
11:53:45.605 [JavaFX Application Thread] DEBUG Input                - Registered new binding: Toggle Debug Camera - CTRL+7
11:53:45.609 [JavaFX Application Thread] DEBUG LoopRunner           - Starting loop
11:53:45.610 [JavaFX Application Thread] DEBUG LoopRunner           - Initializing JavaFX AnimationTimerLoop
11:53:45.612 [JavaFX Application Thread] DEBUG GameApplicationServi - Starting new game
11:53:45.613 [JavaFX Application Thread] DEBUG Input                - Clearing active input actions
11:53:45.634 [JavaFX Application Thread] DEBUG GameApplicationServi - Removing overlay from FXGLStartupScene and adding to FXGLLoadingScene
11:53:45.635 [JavaFX Application Thread] DEBUG PrimaryStageWindow   - FXGLStartupScene -> FXGLLoadingScene
11:53:45.636 [JavaFX Application Thread] DEBUG GameApplicationServi - Clearing previous game
11:53:45.636 [JavaFX Application Thread] DEBUG GameScene            - Clearing game scene
11:53:45.636 [JavaFX Application Thread] DEBUG GameWorld            - Clearing game world
11:53:45.637 [JavaFX Application Thread] DEBUG PhysicsWorld         - Clearing physics world
11:53:45.639 [FXGL Background Thread 1 ] DEBUG FXGLApplication      - Initializing game
11:53:48.493 [FXGL Background Thread 3 ] DEBUG Engine               - Logging environment variables
11:53:48.494 [FXGL Background Thread 3 ] DEBUG Engine               - achievements: []
11:53:48.494 [FXGL Background Thread 3 ] DEBUG Engine               - actualHeight: 600.0
11:53:48.495 [FXGL Background Thread 3 ] DEBUG Engine               - actualHeightProperty: ReadOnlyDoubleProperty [value: 600.0]
11:53:48.495 [FXGL Background Thread 3 ] DEBUG Engine               - actualWidth: 800.0
11:53:48.495 [FXGL Background Thread 3 ] DEBUG Engine               - actualWidthProperty: ReadOnlyDoubleProperty [value: 798.0]
11:53:48.495 [FXGL Background Thread 3 ] DEBUG Engine               - appIcon: fxgl_icon.png
11:53:48.495 [FXGL Background Thread 3 ] DEBUG Engine               - applicationMode: DEVELOPER
11:53:48.495 [FXGL Background Thread 3 ] DEBUG Engine               - cSSList: [fxgl_dark.css]
11:53:48.496 [FXGL Background Thread 3 ] DEBUG Engine               - collisionDetectionStrategy: BRUTE_FORCE
11:53:48.496 [FXGL Background Thread 3 ] DEBUG Engine               - configClass: Optional.empty
11:53:48.496 [FXGL Background Thread 3 ] DEBUG Engine               - credits: []
11:53:48.496 [FXGL Background Thread 3 ] DEBUG Engine               - defaultCursor: CursorInfo(imageName=fxgl_default_cursor.png, hotspotX=7.0, hotspotY=6.0)
11:53:48.497 [FXGL Background Thread 3 ] DEBUG Engine               - devBBoxColorProperty: ObjectProperty [value: 0xff0000ff]
11:53:48.497 [FXGL Background Thread 3 ] DEBUG Engine               - devEnableDebugCameraProperty: BooleanProperty [value: false]
11:53:48.497 [FXGL Background Thread 3 ] DEBUG Engine               - devSensorColorProperty: ObjectProperty [value: 0xffff00ff]
11:53:48.497 [FXGL Background Thread 3 ] DEBUG Engine               - devShowBBoxProperty: BooleanProperty [value: false]
11:53:48.498 [FXGL Background Thread 3 ] DEBUG Engine               - devShowPositionProperty: BooleanProperty [value: false]
11:53:48.498 [FXGL Background Thread 3 ] DEBUG Engine               - enabledMenuItems: []
11:53:48.498 [FXGL Background Thread 3 ] DEBUG Engine               - engineServices: [class com.almasb.fxgl.app.services.FXGLAssetLoaderService, class com.almasb.fxgl.app.FXGLApplication$GameApplicationService, class com.almasb.fxgl.app.services.FXGLDialogService, class com.almasb.fxgl.app.services.IOTaskExecutorService, class com.almasb.fxgl.io.FileSystemService, class com.almasb.fxgl.localization.LocalizationService, class com.almasb.fxgl.app.services.SystemBundleService, class com.almasb.fxgl.profile.SaveLoadService, class com.almasb.fxgl.ui.FXGLUIFactoryServiceProvider, class com.almasb.fxgl.ui.FXGLDialogFactoryServiceProvider, class com.almasb.fxgl.audio.AudioPlayer, class com.almasb.fxgl.notification.impl.NotificationServiceProvider, class com.almasb.fxgl.achievement.AchievementService, class com.almasb.fxgl.cutscene.CutsceneService, class com.almasb.fxgl.minigames.MiniGameService, class com.almasb.fxgl.net.NetService, class com.almasb.fxgl.app.services.UpdaterService, class com.almasb.fxgl.dev.DevService]
11:53:48.498 [FXGL Background Thread 3 ] DEBUG Engine               - fontGame: Abel-Regular.ttf
11:53:48.498 [FXGL Background Thread 3 ] DEBUG Engine               - fontMono: TerminalLandMono-Regular.otf
11:53:48.498 [FXGL Background Thread 3 ] DEBUG Engine               - fontText: Courier-Prime.ttf
11:53:48.498 [FXGL Background Thread 3 ] DEBUG Engine               - fontUI: VarelaRound-Regular.ttf
11:53:48.498 [FXGL Background Thread 3 ] DEBUG Engine               - fullScreen: BooleanProperty [value: false]
11:53:48.498 [FXGL Background Thread 3 ] DEBUG Engine               - gameDifficulty: MEDIUM
11:53:48.499 [FXGL Background Thread 3 ] DEBUG Engine               - gameDifficultyProperty: ObjectProperty [value: MEDIUM]
11:53:48.499 [FXGL Background Thread 3 ] DEBUG Engine               - globalMusicVolume: 0.5
11:53:48.500 [FXGL Background Thread 3 ] DEBUG Engine               - globalMusicVolumeProperty: DoubleProperty [value: 0.5]
11:53:48.500 [FXGL Background Thread 3 ] DEBUG Engine               - globalSoundVolume: 0.5
11:53:48.500 [FXGL Background Thread 3 ] DEBUG Engine               - globalSoundVolumeProperty: DoubleProperty [value: 0.5]
11:53:48.500 [FXGL Background Thread 3 ] DEBUG Engine               - height: 600
11:53:48.500 [FXGL Background Thread 3 ] DEBUG Engine               - is3D: false
11:53:48.500 [FXGL Background Thread 3 ] DEBUG Engine               - isAndroid: false
11:53:48.500 [FXGL Background Thread 3 ] DEBUG Engine               - isBrowser: false
11:53:48.500 [FXGL Background Thread 3 ] DEBUG Engine               - isClickFeedbackEnabled: false
11:53:48.501 [FXGL Background Thread 3 ] DEBUG Engine               - isCloseConfirmation: false
11:53:48.501 [FXGL Background Thread 3 ] DEBUG Engine               - isDesktop: true
11:53:48.501 [FXGL Background Thread 3 ] DEBUG Engine               - isDeveloperMenuEnabled: false
11:53:48.501 [FXGL Background Thread 3 ] DEBUG Engine               - isEmbedded: false
11:53:48.501 [FXGL Background Thread 3 ] DEBUG Engine               - isEntityPreloadEnabled: true
11:53:48.501 [FXGL Background Thread 3 ] DEBUG Engine               - isExperimentalTiledLargeMap: false
11:53:48.502 [FXGL Background Thread 3 ] DEBUG Engine               - isFileSystemWriteAllowed: true
11:53:48.502 [FXGL Background Thread 3 ] DEBUG Engine               - isFullScreenAllowed: false
11:53:48.502 [FXGL Background Thread 3 ] DEBUG Engine               - isFullScreenFromStart: false
11:53:48.502 [FXGL Background Thread 3 ] DEBUG Engine               - isGameMenuEnabled: true
11:53:48.502 [FXGL Background Thread 3 ] DEBUG Engine               - isIOS: false
11:53:48.502 [FXGL Background Thread 3 ] DEBUG Engine               - isIntroEnabled: false
11:53:48.502 [FXGL Background Thread 3 ] DEBUG Engine               - isLinux: true
11:53:48.502 [FXGL Background Thread 3 ] DEBUG Engine               - isMac: false
11:53:48.503 [FXGL Background Thread 3 ] DEBUG Engine               - isMainMenuEnabled: false
11:53:48.503 [FXGL Background Thread 3 ] DEBUG Engine               - isManualResizeEnabled: false
11:53:48.503 [FXGL Background Thread 3 ] DEBUG Engine               - isMobile: false
11:53:48.503 [FXGL Background Thread 3 ] DEBUG Engine               - isNative: false
11:53:48.503 [FXGL Background Thread 3 ] DEBUG Engine               - isPauseMusicWhenMinimized: true
11:53:48.503 [FXGL Background Thread 3 ] DEBUG Engine               - isPreserveResizeRatio: false
11:53:48.503 [FXGL Background Thread 3 ] DEBUG Engine               - isProfilingEnabled: false
11:53:48.504 [FXGL Background Thread 3 ] DEBUG Engine               - isScaleAffectedOnResize: true
11:53:48.504 [FXGL Background Thread 3 ] DEBUG Engine               - isSingleStep: false
11:53:48.504 [FXGL Background Thread 3 ] DEBUG Engine               - isUserProfileEnabled: false
11:53:48.504 [FXGL Background Thread 3 ] DEBUG Engine               - isWindows: false
11:53:48.504 [FXGL Background Thread 3 ] DEBUG Engine               - language: ObjectProperty [value: ENGLISH]
11:53:48.504 [FXGL Background Thread 3 ] DEBUG Engine               - menuKey: ESCAPE
11:53:48.504 [FXGL Background Thread 3 ] DEBUG Engine               - mouseSensitivity: 0.2
11:53:48.505 [FXGL Background Thread 3 ] DEBUG Engine               - notificationViewClass: class com.almasb.fxgl.notification.view.XboxNotificationView
11:53:48.505 [FXGL Background Thread 3 ] DEBUG Engine               - pixelsPerMeter: 50.0
11:53:48.505 [FXGL Background Thread 3 ] DEBUG Engine               - platform: LINUX
11:53:48.506 [FXGL Background Thread 3 ] DEBUG Engine               - prefHeightProperty: ReadOnlyDoubleProperty [value: 600.0]
11:53:48.506 [FXGL Background Thread 3 ] DEBUG Engine               - prefWidthProperty: ReadOnlyDoubleProperty [value: 800.0]
11:53:48.506 [FXGL Background Thread 3 ] DEBUG Engine               - profileDir: profiles/
11:53:48.506 [FXGL Background Thread 3 ] DEBUG Engine               - profileName: StringProperty [value: DEFAULT]
11:53:48.506 [FXGL Background Thread 3 ] DEBUG Engine               - randomSeed: -1
11:53:48.507 [FXGL Background Thread 3 ] DEBUG Engine               - runtimeInfo: RuntimeInfo(platform=LINUX, version=17.2, build=20.08.2022 16.50)
11:53:48.507 [FXGL Background Thread 3 ] DEBUG Engine               - saveFileExt: sav
11:53:48.507 [FXGL Background Thread 3 ] DEBUG Engine               - scaledHeightProp$fxgl: DoubleProperty [bound, value: 600.0]
11:53:48.507 [FXGL Background Thread 3 ] DEBUG Engine               - scaledWidthProp$fxgl: DoubleProperty [bound, value: 798.0]
11:53:48.508 [FXGL Background Thread 3 ] DEBUG Engine               - sceneFactory: com.almasb.fxgl.app.scene.SceneFactory@5117b75
11:53:48.508 [FXGL Background Thread 3 ] DEBUG Engine               - secondsIn24h: 60
11:53:48.508 [FXGL Background Thread 3 ] DEBUG Engine               - soundMenuBack: menu/back.wav
11:53:48.508 [FXGL Background Thread 3 ] DEBUG Engine               - soundMenuPress: menu/press.wav
11:53:48.508 [FXGL Background Thread 3 ] DEBUG Engine               - soundMenuSelect: menu/select.wav
11:53:48.508 [FXGL Background Thread 3 ] DEBUG Engine               - soundNotification: core/notification.wav
11:53:48.508 [FXGL Background Thread 3 ] DEBUG Engine               - stageStyle: DECORATED
11:53:48.509 [FXGL Background Thread 3 ] DEBUG Engine               - supportedLanguages: [ENGLISH, FRENCH, GERMAN, HUNGARIAN, RUSSIAN]
11:53:48.509 [FXGL Background Thread 3 ] DEBUG Engine               - ticksPerSecond: -1
11:53:48.509 [FXGL Background Thread 3 ] DEBUG Engine               - title: WorkshopJava
11:53:48.509 [FXGL Background Thread 3 ] DEBUG Engine               - urlGithub: https://github.com/AlmasB/FXGL
11:53:48.509 [FXGL Background Thread 3 ] DEBUG Engine               - urlLeaderboard: http://fxgl-top.herokuapp.com/
11:53:48.509 [FXGL Background Thread 3 ] DEBUG Engine               - urlPOM: https://raw.githubusercontent.com/AlmasB/FXGL/release/README.md
11:53:48.509 [FXGL Background Thread 3 ] DEBUG Engine               - userAppClass: class com.WorkshopJava.app.App
11:53:48.510 [FXGL Background Thread 3 ] DEBUG Engine               - version: 0.0
11:53:48.510 [FXGL Background Thread 3 ] DEBUG Engine               - versionCheckDays: 7
11:53:48.510 [FXGL Background Thread 3 ] DEBUG Engine               - width: 800
11:53:48.510 [FXGL Background Thread 3 ] DEBUG Engine               - Logging services
11:53:48.510 [FXGL Background Thread 3 ] DEBUG Engine               - class com.almasb.fxgl.app.services.FXGLAssetLoaderService
11:53:48.510 [FXGL Background Thread 3 ] DEBUG Engine               - class com.almasb.fxgl.app.FXGLApplication$GameApplicationService
11:53:48.510 [FXGL Background Thread 3 ] DEBUG Engine               - class com.almasb.fxgl.app.services.FXGLDialogService
11:53:48.510 [FXGL Background Thread 3 ] DEBUG Engine               - class com.almasb.fxgl.app.services.IOTaskExecutorService
11:53:48.511 [FXGL Background Thread 3 ] DEBUG Engine               - class com.almasb.fxgl.io.FileSystemService
11:53:48.511 [FXGL Background Thread 3 ] DEBUG Engine               - class com.almasb.fxgl.localization.LocalizationService
11:53:48.511 [FXGL Background Thread 3 ] DEBUG Engine               - class com.almasb.fxgl.app.services.SystemBundleService
11:53:48.511 [FXGL Background Thread 3 ] DEBUG Engine               - class com.almasb.fxgl.profile.SaveLoadService
11:53:48.511 [FXGL Background Thread 3 ] DEBUG Engine               - class com.almasb.fxgl.ui.FXGLUIFactoryServiceProvider
11:53:48.511 [FXGL Background Thread 3 ] DEBUG Engine               - class com.almasb.fxgl.ui.FXGLDialogFactoryServiceProvider
11:53:48.512 [FXGL Background Thread 3 ] DEBUG Engine               - class com.almasb.fxgl.audio.AudioPlayer
11:53:48.512 [FXGL Background Thread 3 ] DEBUG Engine               - class com.almasb.fxgl.notification.impl.NotificationServiceProvider
11:53:48.512 [FXGL Background Thread 3 ] DEBUG Engine               - class com.almasb.fxgl.achievement.AchievementService
11:53:48.512 [FXGL Background Thread 3 ] DEBUG Engine               - class com.almasb.fxgl.cutscene.CutsceneService
11:53:48.512 [FXGL Background Thread 3 ] DEBUG Engine               - class com.almasb.fxgl.minigames.MiniGameService
11:53:48.512 [FXGL Background Thread 3 ] DEBUG Engine               - class com.almasb.fxgl.net.NetService
11:53:48.512 [FXGL Background Thread 3 ] DEBUG Engine               - class com.almasb.fxgl.app.services.UpdaterService
11:53:48.512 [FXGL Background Thread 3 ] DEBUG Engine               - class com.almasb.fxgl.dev.DevService
11:53:49.045 [JavaFX Application Thread] DEBUG FXGLApplication      - Exiting FXGL
11:53:49.046 [JavaFX Application Thread] DEBUG LoopRunner           - Stopping loop
11:53:49.046 [JavaFX Application Thread] DEBUG SystemBundleService  - Saving FXGL system data
11:53:49.049 [JavaFX Application Thread] DEBUG FileSystemAccess     - Writing to: /home/mjunot/delivery2/workshop/JAVA/WorkshopJava/WorkshopJava-app/system/fxgl.bundle
11:53:49.051 [JavaFX Application Thread] DEBUG Async                - Shutting down background threads
11:53:49.052 [JavaFX Application Thread] DEBUG PrimaryStageWindow   - Closing main window
11:53:49.054 [JavaFX Application Thread] DEBUG Logger               - Closing Logger
