12:01:29.469 [com.WorkshopJava.app.Main] DEBUG Logger               - Configured Logger
12:01:29.494 [com.WorkshopJava.app.Main] DEBUG GameApplication      - Logging settings
Title: WorkshopJava
Version: 0.0
Width: 800
Height: 600
Fullscreen: false
Intro: false
Profiling: false
Single step:false
App Mode: DEVELOPER
Menu Key: ESCAPE
Stage Style: DECORATED
Scene Factory: class com.almasb.fxgl.app.scene.SceneFactory

12:01:29.852 [JavaFX Application Thread] DEBUG FXGLApplication      - Initializing FXGL
12:01:29.860 [JavaFX Application Thread] INFO  Engine               - FXGL-17.2 (20.08.2022 16.50) on LINUX (J:17.0.3 FX:18)
12:01:29.860 [JavaFX Application Thread] DEBUG Engine               - JRE Vendor Name: Red Hat, Inc.
12:01:29.861 [JavaFX Application Thread] DEBUG Engine               - Running on OS: Linux version 5.17.12-100.fc34.x86_64
12:01:29.861 [JavaFX Application Thread] DEBUG Engine               - Architecture: amd64
12:01:29.861 [JavaFX Application Thread] INFO  Engine               - Source code and latest versions at: https://github.com/AlmasB/FXGL
12:01:29.861 [JavaFX Application Thread] INFO  Engine               -       Ask questions and discuss at: https://github.com/AlmasB/FXGL/discussions
12:01:29.862 [JavaFX Application Thread] INFO  Engine               -              Join the FXGL chat at: https://gitter.im/AlmasB/FXGL
12:01:29.994 [JavaFX Application Thread] DEBUG PrimaryStageWindow   - Creating a JavaFX scene
12:01:30.094 [JavaFX Application Thread] DEBUG PrimaryStageWindow   - Target settings size: 800.0 x 600.0
12:01:30.095 [JavaFX Application Thread] DEBUG PrimaryStageWindow   - Scaled scene size:    800.0 x 600.0
12:01:30.096 [JavaFX Application Thread] DEBUG PrimaryStageWindow   - Scaled ratio: (1.0, 1.0)
12:01:30.098 [JavaFX Application Thread] DEBUG PrimaryStageWindow   - Set initial scene to FXGLStartupScene
12:01:30.117 [JavaFX Application Thread] DEBUG PrimaryStageWindow   - Opening main window
12:01:30.200 [JavaFX Application Thread] DEBUG PrimaryStageWindow   - Window border size: (2.0, 29.0)
12:01:30.200 [JavaFX Application Thread] DEBUG PrimaryStageWindow   - Scaled size: 800.0 x 600.0
12:01:30.201 [JavaFX Application Thread] DEBUG PrimaryStageWindow   - Scaled ratio: (1.0, 1.0)
12:01:30.201 [JavaFX Application Thread] DEBUG PrimaryStageWindow   - Scene size: 800.0 x 600.0
12:01:30.201 [JavaFX Application Thread] DEBUG PrimaryStageWindow   - Stage size: 802.0 x 629.0
12:01:30.210 [FXGL Background Thread 1 ] DEBUG Engine               - Initializing environment variables
12:01:30.261 [FXGL Background Thread 1 ] DEBUG FXGLAssetLoaderServi - User app class for loading assets: class com.WorkshopJava.app.App
12:01:30.262 [FXGL Background Thread 1 ] DEBUG GameApplicationServi - Applying CSS: fxgl_dark.css
12:01:30.263 [FXGL Background Thread 1 ] DEBUG FXGLAssetLoaderServi - Loading from file system: jar:file:/home/mjunot/.m2/repository/com/github/almasb/fxgl/17.2/fxgl-17.2.jar!/fxglassets/ui/css/fxgl_dark.css
12:01:30.358 [FXGL Background Thread 1 ] DEBUG GameApplicationServi - Initializing application scenes
12:01:30.437 [FXGL Background Thread 1 ] DEBUG GameWorld            - Game world initialized
12:01:30.516 [FXGL Background Thread 1 ] DEBUG PhysicsWorld         - Physics world initialized: appHeight=600, physics.ppm=50.0
12:01:30.517 [FXGL Background Thread 1 ] DEBUG PhysicsWorld         - Using strategy: BRUTE_FORCE
12:01:30.526 [FXGL Background Thread 1 ] DEBUG GameScene            - Game scene initialized: 800x600
12:01:30.547 [FXGL Background Thread 1 ] DEBUG FXGL.DefaultMenu     - createMenuBodyGameMenu()
12:01:30.572 [FXGL Background Thread 1 ] DEBUG FXGL.DefaultMenu     - createOptionsMenu()
12:01:30.589 [FXGL Background Thread 1 ] DEBUG FXGLAssetLoaderServi - Loading from file system: jar:file:/home/mjunot/.m2/repository/com/github/almasb/fxgl/17.2/fxgl-17.2.jar!/fxglassets/textures/particles/smoke.png
12:01:30.710 [FXGL Background Thread 1 ] DEBUG FXGLAssetLoaderServi - Loading from file system: jar:file:/home/mjunot/.m2/repository/com/github/almasb/fxgl/17.2/fxgl-17.2.jar!/fxglassets/textures/particles/trace_horizontal.png
12:01:30.756 [FXGL Background Thread 1 ] DEBUG GameApplicationServi - Application scenes initialized
12:01:30.773 [FXGL Background Thread 1 ] DEBUG SystemBundleService  - Loading FXGL system data
12:01:30.778 [FXGL Background Thread 1 ] DEBUG FileSystemAccess     - Reading from: /home/mjunot/delivery2/workshop/JAVA/WorkshopJava/WorkshopJava-app/system/fxgl.bundle
12:01:30.784 [FXGL Background Thread 1 ] DEBUG SystemBundleService  - Bundle FXGL: {}
12:01:30.784 [FXGL Background Thread 1 ] DEBUG UpdaterService       - Checking for updates
12:01:30.790 [FXGL Background Thread 4 ] DEBUG FXGLApplication      - Loading fonts
12:01:30.791 [FXGL Background Thread 4 ] DEBUG FXGLAssetLoaderServi - Loading from file system: jar:file:/home/mjunot/.m2/repository/com/github/almasb/fxgl/17.2/fxgl-17.2.jar!/fxglassets/ui/fonts/VarelaRound-Regular.ttf
12:01:30.791 [FXGL Background Thread 1 ] DEBUG FXGLApplication      - Loading default localization
12:01:30.792 [FXGL Background Thread 1 ] DEBUG FXGLAssetLoaderServi - Loading from file system: jar:file:/home/mjunot/.m2/repository/com/github/almasb/fxgl/17.2/fxgl-17.2.jar!/fxglassets/languages/english.lang
12:01:30.799 [FXGL Background Thread 4 ] DEBUG FXGLAssetLoaderServi - Loading from file system: jar:file:/home/mjunot/.m2/repository/com/github/almasb/fxgl/17.2/fxgl-17.2.jar!/fxglassets/ui/fonts/Abel-Regular.ttf
12:01:30.803 [FXGL Background Thread 4 ] DEBUG FXGLAssetLoaderServi - Loading from file system: jar:file:/home/mjunot/.m2/repository/com/github/almasb/fxgl/17.2/fxgl-17.2.jar!/fxglassets/ui/fonts/TerminalLandMono-Regular.otf
12:01:30.806 [FXGL Background Thread 4 ] DEBUG FXGLAssetLoaderServi - Loading from file system: jar:file:/home/mjunot/.m2/repository/com/github/almasb/fxgl/17.2/fxgl-17.2.jar!/fxglassets/ui/fonts/Courier-Prime.ttf
12:01:30.811 [JavaFX Application Thread] DEBUG FXGLApplication      - Registering font factories with UI factory
12:01:30.817 [FXGL Background Thread 1 ] INFO  FXGLApplication      - FXGL initialization took: 0.607 sec
12:01:30.835 [JavaFX Application Thread] DEBUG Input                - Registered new binding: action0 - Up
12:01:30.836 [JavaFX Application Thread] DEBUG Input                - Registered new binding: action1 - Down
12:01:30.837 [JavaFX Application Thread] DEBUG Input                - Registered new binding: action2 - Right
12:01:30.838 [JavaFX Application Thread] DEBUG Input                - Registered new binding: action3 - Left
12:01:30.839 [JavaFX Application Thread] DEBUG FXGLAssetLoaderServi - Loading from file system: jar:file:/home/mjunot/.m2/repository/com/github/almasb/fxgl/17.2/fxgl-17.2.jar!/fxglassets/textures/fxgl_icon.png
12:01:30.924 [JavaFX Application Thread] DEBUG FXGLAssetLoaderServi - Loading from file system: jar:file:/home/mjunot/.m2/repository/com/github/almasb/fxgl/17.2/fxgl-17.2.jar!/fxglassets/textures/fxgl_default_cursor.png
12:01:30.928 [JavaFX Application Thread] DEBUG Input                - Registered new binding: Screenshot - CTRL+8
12:01:30.929 [JavaFX Application Thread] DEBUG Input                - Registered new binding: System info dump - CTRL+9
12:01:30.930 [JavaFX Application Thread] DEBUG Input                - Registered new binding: Restart - CTRL+R
12:01:30.931 [JavaFX Application Thread] DEBUG Input                - Registered new binding: Toggle Debug Camera - CTRL+7
12:01:30.940 [JavaFX Application Thread] DEBUG LoopRunner           - Starting loop
12:01:30.940 [JavaFX Application Thread] DEBUG LoopRunner           - Initializing JavaFX AnimationTimerLoop
12:01:30.946 [JavaFX Application Thread] DEBUG GameApplicationServi - Starting new game
12:01:30.952 [JavaFX Application Thread] DEBUG Input                - Clearing active input actions
12:01:31.005 [JavaFX Application Thread] DEBUG GameApplicationServi - Removing overlay from FXGLStartupScene and adding to FXGLLoadingScene
12:01:31.006 [JavaFX Application Thread] DEBUG PrimaryStageWindow   - FXGLStartupScene -> FXGLLoadingScene
12:01:31.006 [JavaFX Application Thread] DEBUG GameApplicationServi - Clearing previous game
12:01:31.007 [JavaFX Application Thread] DEBUG GameScene            - Clearing game scene
12:01:31.007 [JavaFX Application Thread] DEBUG GameWorld            - Clearing game world
12:01:31.007 [JavaFX Application Thread] DEBUG PhysicsWorld         - Clearing physics world
12:01:31.010 [FXGL Background Thread 1 ] DEBUG FXGLApplication      - Initializing game
12:01:32.535 [FXGL Background Thread 2 ] INFO  UpdaterService       - Your current version:  17.2
12:01:32.535 [FXGL Background Thread 2 ] INFO  UpdaterService       - Latest stable version: 17.3
12:01:33.584 [JavaFX Application Thread] DEBUG FXGLApplication      - Exiting FXGL
12:01:33.584 [JavaFX Application Thread] DEBUG LoopRunner           - Stopping loop
12:01:33.584 [JavaFX Application Thread] DEBUG SystemBundleService  - Saving FXGL system data
12:01:33.587 [JavaFX Application Thread] DEBUG FileSystemAccess     - Writing to: /home/mjunot/delivery2/workshop/JAVA/WorkshopJava/WorkshopJava-app/system/fxgl.bundle
12:01:33.590 [JavaFX Application Thread] DEBUG Async                - Shutting down background threads
12:01:33.590 [JavaFX Application Thread] DEBUG PrimaryStageWindow   - Closing main window
12:01:33.598 [JavaFX Application Thread] DEBUG Logger               - Closing Logger
