11:16:37.884 [com.WorkshopJava.app.Main] DEBUG Logger               - Configured Logger
11:16:37.921 [com.WorkshopJava.app.Main] DEBUG GameApplication      - Logging settings
Title: WorkshopJava
Version: 0.0
Width: 800
Height: 600
Fullscreen: false
Intro: false
Profiling: false
Single step:false
App Mode: DEVELOPER
Menu Key: ESCAPE
Stage Style: DECORATED
Scene Factory: class com.almasb.fxgl.app.scene.SceneFactory

11:16:38.234 [JavaFX Application Thread] DEBUG FXGLApplication      - Initializing FXGL
11:16:38.242 [JavaFX Application Thread] INFO  Engine               - FXGL-17.2 (20.08.2022 16.50) on LINUX (J:17.0.3 FX:18)
11:16:38.243 [JavaFX Application Thread] DEBUG Engine               - JRE Vendor Name: Red Hat, Inc.
11:16:38.243 [JavaFX Application Thread] DEBUG Engine               - Running on OS: Linux version 5.17.12-100.fc34.x86_64
11:16:38.243 [JavaFX Application Thread] DEBUG Engine               - Architecture: amd64
11:16:38.244 [JavaFX Application Thread] INFO  Engine               - Source code and latest versions at: https://github.com/AlmasB/FXGL
11:16:38.244 [JavaFX Application Thread] INFO  Engine               -       Ask questions and discuss at: https://github.com/AlmasB/FXGL/discussions
11:16:38.244 [JavaFX Application Thread] INFO  Engine               -              Join the FXGL chat at: https://gitter.im/AlmasB/FXGL
11:16:38.371 [JavaFX Application Thread] DEBUG PrimaryStageWindow   - Creating a JavaFX scene
11:16:38.457 [JavaFX Application Thread] DEBUG PrimaryStageWindow   - Target settings size: 800.0 x 600.0
11:16:38.458 [JavaFX Application Thread] DEBUG PrimaryStageWindow   - Scaled scene size:    800.0 x 600.0
11:16:38.458 [JavaFX Application Thread] DEBUG PrimaryStageWindow   - Scaled ratio: (1.0, 1.0)
11:16:38.460 [JavaFX Application Thread] DEBUG PrimaryStageWindow   - Set initial scene to FXGLStartupScene
11:16:38.471 [JavaFX Application Thread] DEBUG PrimaryStageWindow   - Opening main window
11:16:38.538 [JavaFX Application Thread] DEBUG PrimaryStageWindow   - Window border size: (2.0, 29.0)
11:16:38.539 [JavaFX Application Thread] DEBUG PrimaryStageWindow   - Scaled size: 800.0 x 600.0
11:16:38.539 [JavaFX Application Thread] DEBUG PrimaryStageWindow   - Scaled ratio: (1.0, 1.0)
11:16:38.539 [JavaFX Application Thread] DEBUG PrimaryStageWindow   - Scene size: 800.0 x 600.0
11:16:38.540 [JavaFX Application Thread] DEBUG PrimaryStageWindow   - Stage size: 802.0 x 629.0
11:16:38.547 [FXGL Background Thread 1 ] DEBUG Engine               - Initializing environment variables
11:16:38.575 [FXGL Background Thread 1 ] DEBUG FXGLAssetLoaderServi - User app class for loading assets: class com.WorkshopJava.app.App
11:16:38.575 [FXGL Background Thread 1 ] DEBUG GameApplicationServi - Applying CSS: fxgl_dark.css
11:16:38.576 [FXGL Background Thread 1 ] DEBUG FXGLAssetLoaderServi - Loading from file system: jar:file:/home/mjunot/.m2/repository/com/github/almasb/fxgl/17.2/fxgl-17.2.jar!/fxglassets/ui/css/fxgl_dark.css
11:16:38.635 [FXGL Background Thread 1 ] DEBUG GameApplicationServi - Initializing application scenes
11:16:38.690 [FXGL Background Thread 1 ] DEBUG GameWorld            - Game world initialized
11:16:38.769 [FXGL Background Thread 1 ] DEBUG PhysicsWorld         - Physics world initialized: appHeight=600, physics.ppm=50.0
11:16:38.769 [FXGL Background Thread 1 ] DEBUG PhysicsWorld         - Using strategy: BRUTE_FORCE
11:16:38.776 [FXGL Background Thread 1 ] DEBUG GameScene            - Game scene initialized: 800x600
11:16:38.797 [FXGL Background Thread 1 ] DEBUG FXGL.DefaultMenu     - createMenuBodyGameMenu()
11:16:38.825 [FXGL Background Thread 1 ] DEBUG FXGL.DefaultMenu     - createOptionsMenu()
11:16:38.844 [FXGL Background Thread 1 ] DEBUG FXGLAssetLoaderServi - Loading from file system: jar:file:/home/mjunot/.m2/repository/com/github/almasb/fxgl/17.2/fxgl-17.2.jar!/fxglassets/textures/particles/smoke.png
11:16:38.969 [FXGL Background Thread 1 ] DEBUG FXGLAssetLoaderServi - Loading from file system: jar:file:/home/mjunot/.m2/repository/com/github/almasb/fxgl/17.2/fxgl-17.2.jar!/fxglassets/textures/particles/trace_horizontal.png
11:16:38.992 [FXGL Background Thread 1 ] DEBUG GameApplicationServi - Application scenes initialized
11:16:39.004 [FXGL Background Thread 1 ] DEBUG SystemBundleService  - Loading FXGL system data
11:16:39.016 [FXGL Background Thread 1 ] DEBUG FileSystemAccess     - Reading from: /home/mjunot/delivery2/workshop/JAVA/WorkshopJava/WorkshopJava-app/system/fxgl.bundle
11:16:39.020 [FXGL Background Thread 1 ] DEBUG SystemBundleService  - Bundle FXGL: {}
11:16:39.021 [FXGL Background Thread 1 ] DEBUG UpdaterService       - Checking for updates
11:16:39.025 [FXGL Background Thread 4 ] DEBUG FXGLApplication      - Loading fonts
11:16:39.026 [FXGL Background Thread 4 ] DEBUG FXGLAssetLoaderServi - Loading from file system: jar:file:/home/mjunot/.m2/repository/com/github/almasb/fxgl/17.2/fxgl-17.2.jar!/fxglassets/ui/fonts/VarelaRound-Regular.ttf
11:16:39.026 [FXGL Background Thread 1 ] DEBUG FXGLApplication      - Loading default localization
11:16:39.027 [FXGL Background Thread 1 ] DEBUG FXGLAssetLoaderServi - Loading from file system: jar:file:/home/mjunot/.m2/repository/com/github/almasb/fxgl/17.2/fxgl-17.2.jar!/fxglassets/languages/english.lang
11:16:39.034 [FXGL Background Thread 4 ] DEBUG FXGLAssetLoaderServi - Loading from file system: jar:file:/home/mjunot/.m2/repository/com/github/almasb/fxgl/17.2/fxgl-17.2.jar!/fxglassets/ui/fonts/Abel-Regular.ttf
11:16:39.036 [FXGL Background Thread 4 ] DEBUG FXGLAssetLoaderServi - Loading from file system: jar:file:/home/mjunot/.m2/repository/com/github/almasb/fxgl/17.2/fxgl-17.2.jar!/fxglassets/ui/fonts/TerminalLandMono-Regular.otf
11:16:39.038 [FXGL Background Thread 4 ] DEBUG FXGLAssetLoaderServi - Loading from file system: jar:file:/home/mjunot/.m2/repository/com/github/almasb/fxgl/17.2/fxgl-17.2.jar!/fxglassets/ui/fonts/Courier-Prime.ttf
11:16:39.043 [JavaFX Application Thread] DEBUG FXGLApplication      - Registering font factories with UI factory
11:16:39.046 [FXGL Background Thread 1 ] INFO  FXGLApplication      - FXGL initialization took: 0.499 sec
11:16:39.058 [JavaFX Application Thread] DEBUG Input                - Registered new binding: action0 - Up
11:16:39.058 [JavaFX Application Thread] DEBUG Input                - Registered new binding: action1 - Down
11:16:39.058 [JavaFX Application Thread] DEBUG Input                - Registered new binding: action2 - Right
11:16:39.059 [JavaFX Application Thread] DEBUG Input                - Registered new binding: action3 - Left
11:16:39.060 [JavaFX Application Thread] DEBUG FXGLAssetLoaderServi - Loading from file system: jar:file:/home/mjunot/.m2/repository/com/github/almasb/fxgl/17.2/fxgl-17.2.jar!/fxglassets/textures/fxgl_icon.png
11:16:39.093 [JavaFX Application Thread] DEBUG FXGLAssetLoaderServi - Loading from file system: jar:file:/home/mjunot/.m2/repository/com/github/almasb/fxgl/17.2/fxgl-17.2.jar!/fxglassets/textures/fxgl_default_cursor.png
11:16:39.097 [JavaFX Application Thread] DEBUG Input                - Registered new binding: Screenshot - CTRL+8
11:16:39.099 [JavaFX Application Thread] DEBUG Input                - Registered new binding: System info dump - CTRL+9
11:16:39.099 [JavaFX Application Thread] DEBUG Input                - Registered new binding: Restart - CTRL+R
11:16:39.100 [JavaFX Application Thread] DEBUG Input                - Registered new binding: Toggle Debug Camera - CTRL+7
11:16:39.103 [JavaFX Application Thread] DEBUG LoopRunner           - Starting loop
11:16:39.103 [JavaFX Application Thread] DEBUG LoopRunner           - Initializing JavaFX AnimationTimerLoop
11:16:39.105 [JavaFX Application Thread] DEBUG GameApplicationServi - Starting new game
11:16:39.105 [JavaFX Application Thread] DEBUG Input                - Clearing active input actions
11:16:39.127 [JavaFX Application Thread] DEBUG GameApplicationServi - Removing overlay from FXGLStartupScene and adding to FXGLLoadingScene
11:16:39.128 [JavaFX Application Thread] DEBUG PrimaryStageWindow   - FXGLStartupScene -> FXGLLoadingScene
11:16:39.128 [JavaFX Application Thread] DEBUG GameApplicationServi - Clearing previous game
11:16:39.128 [JavaFX Application Thread] DEBUG GameScene            - Clearing game scene
11:16:39.128 [JavaFX Application Thread] DEBUG GameWorld            - Clearing game world
11:16:39.129 [JavaFX Application Thread] DEBUG PhysicsWorld         - Clearing physics world
11:16:39.131 [FXGL Background Thread 1 ] DEBUG FXGLApplication      - Initializing game
11:16:39.136 [FXGL Background Thread 1 ] INFO  FXGLApplication      - Game initialization took: 0.005 sec
11:16:39.298 [JavaFX Application Thread] DEBUG Input                - Clearing active input actions
11:16:39.310 [JavaFX Application Thread] DEBUG GameApplicationServi - Removing overlay from FXGLLoadingScene and adding to GameScene
11:16:39.310 [JavaFX Application Thread] DEBUG PrimaryStageWindow   - FXGLLoadingScene -> GameScene
11:16:39.916 [FXGL Background Thread 2 ] INFO  UpdaterService       - Your current version:  17.2
11:16:39.916 [FXGL Background Thread 2 ] INFO  UpdaterService       - Latest stable version: 17.3
11:16:42.024 [FXGL Background Thread 3 ] DEBUG Engine               - Logging environment variables
11:16:42.025 [FXGL Background Thread 3 ] DEBUG Engine               - achievements: []
11:16:42.025 [FXGL Background Thread 3 ] DEBUG Engine               - actualHeight: -28.0
11:16:42.025 [FXGL Background Thread 3 ] DEBUG Engine               - actualHeightProperty: ReadOnlyDoubleProperty [value: 600.0]
11:16:42.026 [FXGL Background Thread 3 ] DEBUG Engine               - actualWidth: -1.0
11:16:42.026 [FXGL Background Thread 3 ] DEBUG Engine               - actualWidthProperty: ReadOnlyDoubleProperty [value: 798.0]
11:16:42.026 [FXGL Background Thread 3 ] DEBUG Engine               - appIcon: fxgl_icon.png
11:16:42.026 [FXGL Background Thread 3 ] DEBUG Engine               - applicationMode: DEVELOPER
11:16:42.027 [FXGL Background Thread 3 ] DEBUG Engine               - cSSList: [fxgl_dark.css]
11:16:42.027 [FXGL Background Thread 3 ] DEBUG Engine               - collisionDetectionStrategy: BRUTE_FORCE
11:16:42.027 [FXGL Background Thread 3 ] DEBUG Engine               - configClass: Optional.empty
11:16:42.027 [FXGL Background Thread 3 ] DEBUG Engine               - credits: []
11:16:42.028 [FXGL Background Thread 3 ] DEBUG Engine               - defaultCursor: CursorInfo(imageName=fxgl_default_cursor.png, hotspotX=7.0, hotspotY=6.0)
11:16:42.029 [FXGL Background Thread 3 ] DEBUG Engine               - devBBoxColorProperty: ObjectProperty [value: 0xff0000ff]
11:16:42.029 [FXGL Background Thread 3 ] DEBUG Engine               - devEnableDebugCameraProperty: BooleanProperty [value: false]
11:16:42.029 [FXGL Background Thread 3 ] DEBUG Engine               - devSensorColorProperty: ObjectProperty [value: 0xffff00ff]
11:16:42.030 [FXGL Background Thread 3 ] DEBUG Engine               - devShowBBoxProperty: BooleanProperty [value: false]
11:16:42.030 [FXGL Background Thread 3 ] DEBUG Engine               - devShowPositionProperty: BooleanProperty [value: false]
11:16:42.030 [FXGL Background Thread 3 ] DEBUG Engine               - enabledMenuItems: []
11:16:42.031 [FXGL Background Thread 3 ] DEBUG Engine               - engineServices: [class com.almasb.fxgl.app.services.FXGLAssetLoaderService, class com.almasb.fxgl.app.FXGLApplication$GameApplicationService, class com.almasb.fxgl.app.services.FXGLDialogService, class com.almasb.fxgl.app.services.IOTaskExecutorService, class com.almasb.fxgl.io.FileSystemService, class com.almasb.fxgl.localization.LocalizationService, class com.almasb.fxgl.app.services.SystemBundleService, class com.almasb.fxgl.profile.SaveLoadService, class com.almasb.fxgl.ui.FXGLUIFactoryServiceProvider, class com.almasb.fxgl.ui.FXGLDialogFactoryServiceProvider, class com.almasb.fxgl.audio.AudioPlayer, class com.almasb.fxgl.notification.impl.NotificationServiceProvider, class com.almasb.fxgl.achievement.AchievementService, class com.almasb.fxgl.cutscene.CutsceneService, class com.almasb.fxgl.minigames.MiniGameService, class com.almasb.fxgl.net.NetService, class com.almasb.fxgl.app.services.UpdaterService, class com.almasb.fxgl.dev.DevService]
11:16:42.031 [FXGL Background Thread 3 ] DEBUG Engine               - fontGame: Abel-Regular.ttf
11:16:42.031 [FXGL Background Thread 3 ] DEBUG Engine               - fontMono: TerminalLandMono-Regular.otf
11:16:42.031 [FXGL Background Thread 3 ] DEBUG Engine               - fontText: Courier-Prime.ttf
11:16:42.032 [FXGL Background Thread 3 ] DEBUG Engine               - fontUI: VarelaRound-Regular.ttf
11:16:42.032 [FXGL Background Thread 3 ] DEBUG Engine               - fullScreen: BooleanProperty [value: false]
11:16:42.032 [FXGL Background Thread 3 ] DEBUG Engine               - gameDifficulty: MEDIUM
11:16:42.032 [FXGL Background Thread 3 ] DEBUG Engine               - gameDifficultyProperty: ObjectProperty [value: MEDIUM]
11:16:42.033 [FXGL Background Thread 3 ] DEBUG Engine               - globalMusicVolume: 0.5
11:16:42.033 [FXGL Background Thread 3 ] DEBUG Engine               - globalMusicVolumeProperty: DoubleProperty [value: 0.5]
11:16:42.033 [FXGL Background Thread 3 ] DEBUG Engine               - globalSoundVolume: 0.5
11:16:42.033 [FXGL Background Thread 3 ] DEBUG Engine               - globalSoundVolumeProperty: DoubleProperty [value: 0.5]
11:16:42.034 [FXGL Background Thread 3 ] DEBUG Engine               - height: 600
11:16:42.034 [FXGL Background Thread 3 ] DEBUG Engine               - is3D: false
11:16:42.034 [FXGL Background Thread 3 ] DEBUG Engine               - isAndroid: false
11:16:42.034 [FXGL Background Thread 3 ] DEBUG Engine               - isBrowser: false
11:16:42.034 [FXGL Background Thread 3 ] DEBUG Engine               - isClickFeedbackEnabled: false
11:16:42.034 [FXGL Background Thread 3 ] DEBUG Engine               - isCloseConfirmation: false
11:16:42.035 [FXGL Background Thread 3 ] DEBUG Engine               - isDesktop: true
11:16:42.035 [FXGL Background Thread 3 ] DEBUG Engine               - isDeveloperMenuEnabled: false
11:16:42.035 [FXGL Background Thread 3 ] DEBUG Engine               - isEmbedded: false
11:16:42.035 [FXGL Background Thread 3 ] DEBUG Engine               - isEntityPreloadEnabled: true
11:16:42.035 [FXGL Background Thread 3 ] DEBUG Engine               - isExperimentalTiledLargeMap: false
11:16:42.035 [FXGL Background Thread 3 ] DEBUG Engine               - isFileSystemWriteAllowed: true
11:16:42.036 [FXGL Background Thread 3 ] DEBUG Engine               - isFullScreenAllowed: false
11:16:42.036 [FXGL Background Thread 3 ] DEBUG Engine               - isFullScreenFromStart: false
11:16:42.036 [FXGL Background Thread 3 ] DEBUG Engine               - isGameMenuEnabled: true
11:16:42.037 [FXGL Background Thread 3 ] DEBUG Engine               - isIOS: false
11:16:42.037 [FXGL Background Thread 3 ] DEBUG Engine               - isIntroEnabled: false
11:16:42.037 [FXGL Background Thread 3 ] DEBUG Engine               - isLinux: true
11:16:42.037 [FXGL Background Thread 3 ] DEBUG Engine               - isMac: false
11:16:42.037 [FXGL Background Thread 3 ] DEBUG Engine               - isMainMenuEnabled: false
11:16:42.038 [FXGL Background Thread 3 ] DEBUG Engine               - isManualResizeEnabled: false
11:16:42.038 [FXGL Background Thread 3 ] DEBUG Engine               - isMobile: false
11:16:42.038 [FXGL Background Thread 3 ] DEBUG Engine               - isNative: false
11:16:42.038 [FXGL Background Thread 3 ] DEBUG Engine               - isPauseMusicWhenMinimized: true
11:16:42.038 [FXGL Background Thread 3 ] DEBUG Engine               - isPreserveResizeRatio: false
11:16:42.038 [FXGL Background Thread 3 ] DEBUG Engine               - isProfilingEnabled: false
11:16:42.039 [FXGL Background Thread 3 ] DEBUG Engine               - isScaleAffectedOnResize: true
11:16:42.039 [FXGL Background Thread 3 ] DEBUG Engine               - isSingleStep: false
11:16:42.039 [FXGL Background Thread 3 ] DEBUG Engine               - isUserProfileEnabled: false
11:16:42.039 [FXGL Background Thread 3 ] DEBUG Engine               - isWindows: false
11:16:42.039 [FXGL Background Thread 3 ] DEBUG Engine               - language: ObjectProperty [value: ENGLISH]
11:16:42.039 [FXGL Background Thread 3 ] DEBUG Engine               - menuKey: ESCAPE
11:16:42.040 [FXGL Background Thread 3 ] DEBUG Engine               - mouseSensitivity: 0.2
11:16:42.040 [FXGL Background Thread 3 ] DEBUG Engine               - notificationViewClass: class com.almasb.fxgl.notification.view.XboxNotificationView
11:16:42.040 [FXGL Background Thread 3 ] DEBUG Engine               - pixelsPerMeter: 50.0
11:16:42.040 [FXGL Background Thread 3 ] DEBUG Engine               - platform: LINUX
11:16:42.041 [FXGL Background Thread 3 ] DEBUG Engine               - prefHeightProperty: ReadOnlyDoubleProperty [value: 600.0]
11:16:42.041 [FXGL Background Thread 3 ] DEBUG Engine               - prefWidthProperty: ReadOnlyDoubleProperty [value: 800.0]
11:16:42.041 [FXGL Background Thread 3 ] DEBUG Engine               - profileDir: profiles/
11:16:42.041 [FXGL Background Thread 3 ] DEBUG Engine               - profileName: StringProperty [value: DEFAULT]
11:16:42.042 [FXGL Background Thread 3 ] DEBUG Engine               - randomSeed: -1
11:16:42.042 [FXGL Background Thread 3 ] DEBUG Engine               - runtimeInfo: RuntimeInfo(platform=LINUX, version=17.2, build=20.08.2022 16.50)
11:16:42.042 [FXGL Background Thread 3 ] DEBUG Engine               - saveFileExt: sav
11:16:42.043 [FXGL Background Thread 3 ] DEBUG Engine               - scaledHeightProp$fxgl: DoubleProperty [bound, value: 600.0]
11:16:42.043 [FXGL Background Thread 3 ] DEBUG Engine               - scaledWidthProp$fxgl: DoubleProperty [bound, value: 798.0]
11:16:42.043 [FXGL Background Thread 3 ] DEBUG Engine               - sceneFactory: com.almasb.fxgl.app.scene.SceneFactory@56441a3c
11:16:42.043 [FXGL Background Thread 3 ] DEBUG Engine               - secondsIn24h: 60
11:16:42.043 [FXGL Background Thread 3 ] DEBUG Engine               - soundMenuBack: menu/back.wav
11:16:42.044 [FXGL Background Thread 3 ] DEBUG Engine               - soundMenuPress: menu/press.wav
11:16:42.044 [FXGL Background Thread 3 ] DEBUG Engine               - soundMenuSelect: menu/select.wav
11:16:42.044 [FXGL Background Thread 3 ] DEBUG Engine               - soundNotification: core/notification.wav
11:16:42.044 [FXGL Background Thread 3 ] DEBUG Engine               - stageStyle: DECORATED
11:16:42.044 [FXGL Background Thread 3 ] DEBUG Engine               - supportedLanguages: [ENGLISH, FRENCH, GERMAN, HUNGARIAN, RUSSIAN]
11:16:42.044 [FXGL Background Thread 3 ] DEBUG Engine               - ticksPerSecond: -1
11:16:42.045 [FXGL Background Thread 3 ] DEBUG Engine               - title: WorkshopJava
11:16:42.045 [FXGL Background Thread 3 ] DEBUG Engine               - urlGithub: https://github.com/AlmasB/FXGL
11:16:42.045 [FXGL Background Thread 3 ] DEBUG Engine               - urlLeaderboard: http://fxgl-top.herokuapp.com/
11:16:42.045 [FXGL Background Thread 3 ] DEBUG Engine               - urlPOM: https://raw.githubusercontent.com/AlmasB/FXGL/release/README.md
11:16:42.045 [FXGL Background Thread 3 ] DEBUG Engine               - userAppClass: class com.WorkshopJava.app.App
11:16:42.046 [FXGL Background Thread 3 ] DEBUG Engine               - version: 0.0
11:16:42.046 [FXGL Background Thread 3 ] DEBUG Engine               - versionCheckDays: 7
11:16:42.046 [FXGL Background Thread 3 ] DEBUG Engine               - width: 800
11:16:42.046 [FXGL Background Thread 3 ] DEBUG Engine               - Logging services
11:16:42.046 [FXGL Background Thread 3 ] DEBUG Engine               - class com.almasb.fxgl.app.services.FXGLAssetLoaderService
11:16:42.047 [FXGL Background Thread 3 ] DEBUG Engine               - class com.almasb.fxgl.app.FXGLApplication$GameApplicationService
11:16:42.047 [FXGL Background Thread 3 ] DEBUG Engine               - class com.almasb.fxgl.app.services.FXGLDialogService
11:16:42.047 [FXGL Background Thread 3 ] DEBUG Engine               - class com.almasb.fxgl.app.services.IOTaskExecutorService
11:16:42.047 [FXGL Background Thread 3 ] DEBUG Engine               - class com.almasb.fxgl.io.FileSystemService
11:16:42.047 [FXGL Background Thread 3 ] DEBUG Engine               - class com.almasb.fxgl.localization.LocalizationService
11:16:42.047 [FXGL Background Thread 3 ] DEBUG Engine               - class com.almasb.fxgl.app.services.SystemBundleService
11:16:42.048 [FXGL Background Thread 3 ] DEBUG Engine               - class com.almasb.fxgl.profile.SaveLoadService
11:16:42.048 [FXGL Background Thread 3 ] DEBUG Engine               - class com.almasb.fxgl.ui.FXGLUIFactoryServiceProvider
11:16:42.048 [FXGL Background Thread 3 ] DEBUG Engine               - class com.almasb.fxgl.ui.FXGLDialogFactoryServiceProvider
11:16:42.048 [FXGL Background Thread 3 ] DEBUG Engine               - class com.almasb.fxgl.audio.AudioPlayer
11:16:42.049 [FXGL Background Thread 3 ] DEBUG Engine               - class com.almasb.fxgl.notification.impl.NotificationServiceProvider
11:16:42.049 [FXGL Background Thread 3 ] DEBUG Engine               - class com.almasb.fxgl.achievement.AchievementService
11:16:42.049 [FXGL Background Thread 3 ] DEBUG Engine               - class com.almasb.fxgl.cutscene.CutsceneService
11:16:42.049 [FXGL Background Thread 3 ] DEBUG Engine               - class com.almasb.fxgl.minigames.MiniGameService
11:16:42.049 [FXGL Background Thread 3 ] DEBUG Engine               - class com.almasb.fxgl.net.NetService
11:16:42.050 [FXGL Background Thread 3 ] DEBUG Engine               - class com.almasb.fxgl.app.services.UpdaterService
11:16:42.050 [FXGL Background Thread 3 ] DEBUG Engine               - class com.almasb.fxgl.dev.DevService
11:16:44.126 [JavaFX Application Thread] DEBUG FXGLApplication      - Exiting FXGL
11:16:44.126 [JavaFX Application Thread] DEBUG LoopRunner           - Stopping loop
11:16:44.127 [JavaFX Application Thread] DEBUG SystemBundleService  - Saving FXGL system data
11:16:44.129 [JavaFX Application Thread] DEBUG FileSystemAccess     - Writing to: /home/mjunot/delivery2/workshop/JAVA/WorkshopJava/WorkshopJava-app/system/fxgl.bundle
11:16:44.132 [JavaFX Application Thread] DEBUG Async                - Shutting down background threads
11:16:44.132 [JavaFX Application Thread] DEBUG PrimaryStageWindow   - Closing main window
11:16:44.136 [JavaFX Application Thread] DEBUG Logger               - Closing Logger
