11:59:43.516 [com.WorkshopJava.app.Main] DEBUG Logger               - Configured Logger
11:59:43.550 [com.WorkshopJava.app.Main] DEBUG GameApplication      - Logging settings
Title: WorkshopJava
Version: 0.0
Width: 800
Height: 600
Fullscreen: false
Intro: false
Profiling: false
Single step:false
App Mode: DEVELOPER
Menu Key: ESCAPE
Stage Style: DECORATED
Scene Factory: class com.almasb.fxgl.app.scene.SceneFactory

11:59:43.877 [JavaFX Application Thread] DEBUG FXGLApplication      - Initializing FXGL
11:59:43.888 [JavaFX Application Thread] INFO  Engine               - FXGL-17.2 (20.08.2022 16.50) on LINUX (J:17.0.3 FX:18)
11:59:43.889 [JavaFX Application Thread] DEBUG Engine               - JRE Vendor Name: Red Hat, Inc.
11:59:43.889 [JavaFX Application Thread] DEBUG Engine               - Running on OS: Linux version 5.17.12-100.fc34.x86_64
11:59:43.890 [JavaFX Application Thread] DEBUG Engine               - Architecture: amd64
11:59:43.890 [JavaFX Application Thread] INFO  Engine               - Source code and latest versions at: https://github.com/AlmasB/FXGL
11:59:43.890 [JavaFX Application Thread] INFO  Engine               -       Ask questions and discuss at: https://github.com/AlmasB/FXGL/discussions
11:59:43.890 [JavaFX Application Thread] INFO  Engine               -              Join the FXGL chat at: https://gitter.im/AlmasB/FXGL
11:59:44.021 [JavaFX Application Thread] DEBUG PrimaryStageWindow   - Creating a JavaFX scene
11:59:44.150 [JavaFX Application Thread] DEBUG PrimaryStageWindow   - Target settings size: 800.0 x 600.0
11:59:44.150 [JavaFX Application Thread] DEBUG PrimaryStageWindow   - Scaled scene size:    800.0 x 600.0
11:59:44.151 [JavaFX Application Thread] DEBUG PrimaryStageWindow   - Scaled ratio: (1.0, 1.0)
11:59:44.152 [JavaFX Application Thread] DEBUG PrimaryStageWindow   - Set initial scene to FXGLStartupScene
11:59:44.165 [JavaFX Application Thread] DEBUG PrimaryStageWindow   - Opening main window
11:59:44.249 [JavaFX Application Thread] DEBUG PrimaryStageWindow   - Window border size: (2.0, 29.0)
11:59:44.249 [JavaFX Application Thread] DEBUG PrimaryStageWindow   - Scaled size: 800.0 x 600.0
11:59:44.250 [JavaFX Application Thread] DEBUG PrimaryStageWindow   - Scaled ratio: (1.0, 1.0)
11:59:44.250 [JavaFX Application Thread] DEBUG PrimaryStageWindow   - Scene size: 800.0 x 600.0
11:59:44.250 [JavaFX Application Thread] DEBUG PrimaryStageWindow   - Stage size: 802.0 x 629.0
11:59:44.258 [FXGL Background Thread 1 ] DEBUG Engine               - Initializing environment variables
11:59:44.289 [FXGL Background Thread 1 ] DEBUG FXGLAssetLoaderServi - User app class for loading assets: class com.WorkshopJava.app.App
11:59:44.289 [FXGL Background Thread 1 ] DEBUG GameApplicationServi - Applying CSS: fxgl_dark.css
11:59:44.291 [FXGL Background Thread 1 ] DEBUG FXGLAssetLoaderServi - Loading from file system: jar:file:/home/mjunot/.m2/repository/com/github/almasb/fxgl/17.2/fxgl-17.2.jar!/fxglassets/ui/css/fxgl_dark.css
11:59:44.367 [FXGL Background Thread 1 ] DEBUG GameApplicationServi - Initializing application scenes
11:59:44.430 [FXGL Background Thread 1 ] DEBUG GameWorld            - Game world initialized
11:59:44.531 [FXGL Background Thread 1 ] DEBUG PhysicsWorld         - Physics world initialized: appHeight=600, physics.ppm=50.0
11:59:44.532 [FXGL Background Thread 1 ] DEBUG PhysicsWorld         - Using strategy: BRUTE_FORCE
11:59:44.539 [FXGL Background Thread 1 ] DEBUG GameScene            - Game scene initialized: 800x600
11:59:44.559 [FXGL Background Thread 1 ] DEBUG FXGL.DefaultMenu     - createMenuBodyGameMenu()
11:59:44.587 [FXGL Background Thread 1 ] DEBUG FXGL.DefaultMenu     - createOptionsMenu()
11:59:44.609 [FXGL Background Thread 1 ] DEBUG FXGLAssetLoaderServi - Loading from file system: jar:file:/home/mjunot/.m2/repository/com/github/almasb/fxgl/17.2/fxgl-17.2.jar!/fxglassets/textures/particles/smoke.png
11:59:44.731 [FXGL Background Thread 1 ] DEBUG FXGLAssetLoaderServi - Loading from file system: jar:file:/home/mjunot/.m2/repository/com/github/almasb/fxgl/17.2/fxgl-17.2.jar!/fxglassets/textures/particles/trace_horizontal.png
11:59:44.764 [FXGL Background Thread 1 ] DEBUG GameApplicationServi - Application scenes initialized
11:59:44.779 [FXGL Background Thread 1 ] DEBUG SystemBundleService  - Loading FXGL system data
11:59:44.784 [FXGL Background Thread 1 ] DEBUG FileSystemAccess     - Reading from: /home/mjunot/delivery2/workshop/JAVA/WorkshopJava/WorkshopJava-app/system/fxgl.bundle
11:59:44.791 [FXGL Background Thread 1 ] DEBUG SystemBundleService  - Bundle FXGL: {}
11:59:44.791 [FXGL Background Thread 1 ] DEBUG UpdaterService       - Checking for updates
11:59:44.796 [FXGL Background Thread 4 ] DEBUG FXGLApplication      - Loading fonts
11:59:44.797 [FXGL Background Thread 4 ] DEBUG FXGLAssetLoaderServi - Loading from file system: jar:file:/home/mjunot/.m2/repository/com/github/almasb/fxgl/17.2/fxgl-17.2.jar!/fxglassets/ui/fonts/VarelaRound-Regular.ttf
11:59:44.797 [FXGL Background Thread 1 ] DEBUG FXGLApplication      - Loading default localization
11:59:44.799 [FXGL Background Thread 1 ] DEBUG FXGLAssetLoaderServi - Loading from file system: jar:file:/home/mjunot/.m2/repository/com/github/almasb/fxgl/17.2/fxgl-17.2.jar!/fxglassets/languages/english.lang
11:59:44.805 [FXGL Background Thread 4 ] DEBUG FXGLAssetLoaderServi - Loading from file system: jar:file:/home/mjunot/.m2/repository/com/github/almasb/fxgl/17.2/fxgl-17.2.jar!/fxglassets/ui/fonts/Abel-Regular.ttf
11:59:44.808 [FXGL Background Thread 4 ] DEBUG FXGLAssetLoaderServi - Loading from file system: jar:file:/home/mjunot/.m2/repository/com/github/almasb/fxgl/17.2/fxgl-17.2.jar!/fxglassets/ui/fonts/TerminalLandMono-Regular.otf
11:59:44.811 [FXGL Background Thread 4 ] DEBUG FXGLAssetLoaderServi - Loading from file system: jar:file:/home/mjunot/.m2/repository/com/github/almasb/fxgl/17.2/fxgl-17.2.jar!/fxglassets/ui/fonts/Courier-Prime.ttf
11:59:44.815 [JavaFX Application Thread] DEBUG FXGLApplication      - Registering font factories with UI factory
11:59:44.822 [FXGL Background Thread 1 ] INFO  FXGLApplication      - FXGL initialization took: 0.563 sec
11:59:44.838 [JavaFX Application Thread] DEBUG Input                - Registered new binding: action0 - Up
11:59:44.839 [JavaFX Application Thread] DEBUG Input                - Registered new binding: action1 - Down
11:59:44.840 [JavaFX Application Thread] DEBUG Input                - Registered new binding: action2 - Right
11:59:44.840 [JavaFX Application Thread] DEBUG Input                - Registered new binding: action3 - Left
11:59:44.841 [JavaFX Application Thread] DEBUG FXGLAssetLoaderServi - Loading from file system: jar:file:/home/mjunot/.m2/repository/com/github/almasb/fxgl/17.2/fxgl-17.2.jar!/fxglassets/textures/fxgl_icon.png
11:59:44.885 [JavaFX Application Thread] DEBUG FXGLAssetLoaderServi - Loading from file system: jar:file:/home/mjunot/.m2/repository/com/github/almasb/fxgl/17.2/fxgl-17.2.jar!/fxglassets/textures/fxgl_default_cursor.png
11:59:44.889 [JavaFX Application Thread] DEBUG Input                - Registered new binding: Screenshot - CTRL+8
11:59:44.891 [JavaFX Application Thread] DEBUG Input                - Registered new binding: System info dump - CTRL+9
11:59:44.892 [JavaFX Application Thread] DEBUG Input                - Registered new binding: Restart - CTRL+R
11:59:44.897 [JavaFX Application Thread] DEBUG Input                - Registered new binding: Toggle Debug Camera - CTRL+7
11:59:44.901 [JavaFX Application Thread] DEBUG LoopRunner           - Starting loop
11:59:44.901 [JavaFX Application Thread] DEBUG LoopRunner           - Initializing JavaFX AnimationTimerLoop
11:59:44.903 [JavaFX Application Thread] DEBUG GameApplicationServi - Starting new game
11:59:44.905 [JavaFX Application Thread] DEBUG Input                - Clearing active input actions
11:59:44.943 [JavaFX Application Thread] DEBUG GameApplicationServi - Removing overlay from FXGLStartupScene and adding to FXGLLoadingScene
11:59:44.944 [JavaFX Application Thread] DEBUG PrimaryStageWindow   - FXGLStartupScene -> FXGLLoadingScene
11:59:44.945 [JavaFX Application Thread] DEBUG GameApplicationServi - Clearing previous game
11:59:44.945 [JavaFX Application Thread] DEBUG GameScene            - Clearing game scene
11:59:44.945 [JavaFX Application Thread] DEBUG GameWorld            - Clearing game world
11:59:44.946 [JavaFX Application Thread] DEBUG PhysicsWorld         - Clearing physics world
11:59:44.963 [FXGL Background Thread 1 ] DEBUG FXGLApplication      - Initializing game
11:59:46.013 [FXGL Background Thread 2 ] INFO  UpdaterService       - Your current version:  17.2
11:59:46.013 [FXGL Background Thread 2 ] INFO  UpdaterService       - Latest stable version: 17.3
11:59:47.794 [FXGL Background Thread 3 ] DEBUG Engine               - Logging environment variables
11:59:47.795 [FXGL Background Thread 3 ] DEBUG Engine               - achievements: []
11:59:47.796 [FXGL Background Thread 3 ] DEBUG Engine               - actualHeight: -28.0
11:59:47.796 [FXGL Background Thread 3 ] DEBUG Engine               - actualHeightProperty: ReadOnlyDoubleProperty [value: 600.0]
11:59:47.796 [FXGL Background Thread 3 ] DEBUG Engine               - actualWidth: -1.0
11:59:47.797 [FXGL Background Thread 3 ] DEBUG Engine               - actualWidthProperty: ReadOnlyDoubleProperty [value: 798.0]
11:59:47.797 [FXGL Background Thread 3 ] DEBUG Engine               - appIcon: fxgl_icon.png
11:59:47.797 [FXGL Background Thread 3 ] DEBUG Engine               - applicationMode: DEVELOPER
11:59:47.797 [FXGL Background Thread 3 ] DEBUG Engine               - cSSList: [fxgl_dark.css]
11:59:47.797 [FXGL Background Thread 3 ] DEBUG Engine               - collisionDetectionStrategy: BRUTE_FORCE
11:59:47.798 [FXGL Background Thread 3 ] DEBUG Engine               - configClass: Optional.empty
11:59:47.798 [FXGL Background Thread 3 ] DEBUG Engine               - credits: []
11:59:47.799 [FXGL Background Thread 3 ] DEBUG Engine               - defaultCursor: CursorInfo(imageName=fxgl_default_cursor.png, hotspotX=7.0, hotspotY=6.0)
11:59:47.799 [FXGL Background Thread 3 ] DEBUG Engine               - devBBoxColorProperty: ObjectProperty [value: 0xff0000ff]
11:59:47.799 [FXGL Background Thread 3 ] DEBUG Engine               - devEnableDebugCameraProperty: BooleanProperty [value: false]
11:59:47.800 [FXGL Background Thread 3 ] DEBUG Engine               - devSensorColorProperty: ObjectProperty [value: 0xffff00ff]
11:59:47.800 [FXGL Background Thread 3 ] DEBUG Engine               - devShowBBoxProperty: BooleanProperty [value: false]
11:59:47.800 [FXGL Background Thread 3 ] DEBUG Engine               - devShowPositionProperty: BooleanProperty [value: false]
11:59:47.801 [FXGL Background Thread 3 ] DEBUG Engine               - enabledMenuItems: []
11:59:47.801 [FXGL Background Thread 3 ] DEBUG Engine               - engineServices: [class com.almasb.fxgl.app.services.FXGLAssetLoaderService, class com.almasb.fxgl.app.FXGLApplication$GameApplicationService, class com.almasb.fxgl.app.services.FXGLDialogService, class com.almasb.fxgl.app.services.IOTaskExecutorService, class com.almasb.fxgl.io.FileSystemService, class com.almasb.fxgl.localization.LocalizationService, class com.almasb.fxgl.app.services.SystemBundleService, class com.almasb.fxgl.profile.SaveLoadService, class com.almasb.fxgl.ui.FXGLUIFactoryServiceProvider, class com.almasb.fxgl.ui.FXGLDialogFactoryServiceProvider, class com.almasb.fxgl.audio.AudioPlayer, class com.almasb.fxgl.notification.impl.NotificationServiceProvider, class com.almasb.fxgl.achievement.AchievementService, class com.almasb.fxgl.cutscene.CutsceneService, class com.almasb.fxgl.minigames.MiniGameService, class com.almasb.fxgl.net.NetService, class com.almasb.fxgl.app.services.UpdaterService, class com.almasb.fxgl.dev.DevService]
11:59:47.801 [FXGL Background Thread 3 ] DEBUG Engine               - fontGame: Abel-Regular.ttf
11:59:47.802 [FXGL Background Thread 3 ] DEBUG Engine               - fontMono: TerminalLandMono-Regular.otf
11:59:47.802 [FXGL Background Thread 3 ] DEBUG Engine               - fontText: Courier-Prime.ttf
11:59:47.802 [FXGL Background Thread 3 ] DEBUG Engine               - fontUI: VarelaRound-Regular.ttf
11:59:47.802 [FXGL Background Thread 3 ] DEBUG Engine               - fullScreen: BooleanProperty [value: false]
11:59:47.803 [FXGL Background Thread 3 ] DEBUG Engine               - gameDifficulty: MEDIUM
11:59:47.803 [FXGL Background Thread 3 ] DEBUG Engine               - gameDifficultyProperty: ObjectProperty [value: MEDIUM]
11:59:47.803 [FXGL Background Thread 3 ] DEBUG Engine               - globalMusicVolume: 0.5
11:59:47.803 [FXGL Background Thread 3 ] DEBUG Engine               - globalMusicVolumeProperty: DoubleProperty [value: 0.5]
11:59:47.804 [FXGL Background Thread 3 ] DEBUG Engine               - globalSoundVolume: 0.5
11:59:47.804 [FXGL Background Thread 3 ] DEBUG Engine               - globalSoundVolumeProperty: DoubleProperty [value: 0.5]
11:59:47.804 [FXGL Background Thread 3 ] DEBUG Engine               - height: 600
11:59:47.804 [FXGL Background Thread 3 ] DEBUG Engine               - is3D: false
11:59:47.804 [FXGL Background Thread 3 ] DEBUG Engine               - isAndroid: false
11:59:47.804 [FXGL Background Thread 3 ] DEBUG Engine               - isBrowser: false
11:59:47.805 [FXGL Background Thread 3 ] DEBUG Engine               - isClickFeedbackEnabled: false
11:59:47.805 [FXGL Background Thread 3 ] DEBUG Engine               - isCloseConfirmation: false
11:59:47.805 [FXGL Background Thread 3 ] DEBUG Engine               - isDesktop: true
11:59:47.805 [FXGL Background Thread 3 ] DEBUG Engine               - isDeveloperMenuEnabled: false
11:59:47.805 [FXGL Background Thread 3 ] DEBUG Engine               - isEmbedded: false
11:59:47.805 [FXGL Background Thread 3 ] DEBUG Engine               - isEntityPreloadEnabled: true
11:59:47.805 [FXGL Background Thread 3 ] DEBUG Engine               - isExperimentalTiledLargeMap: false
11:59:47.806 [FXGL Background Thread 3 ] DEBUG Engine               - isFileSystemWriteAllowed: true
11:59:47.806 [FXGL Background Thread 3 ] DEBUG Engine               - isFullScreenAllowed: false
11:59:47.806 [FXGL Background Thread 3 ] DEBUG Engine               - isFullScreenFromStart: false
11:59:47.806 [FXGL Background Thread 3 ] DEBUG Engine               - isGameMenuEnabled: true
11:59:47.806 [FXGL Background Thread 3 ] DEBUG Engine               - isIOS: false
11:59:47.807 [FXGL Background Thread 3 ] DEBUG Engine               - isIntroEnabled: false
11:59:47.807 [FXGL Background Thread 3 ] DEBUG Engine               - isLinux: true
11:59:47.807 [FXGL Background Thread 3 ] DEBUG Engine               - isMac: false
11:59:47.807 [FXGL Background Thread 3 ] DEBUG Engine               - isMainMenuEnabled: false
11:59:47.807 [FXGL Background Thread 3 ] DEBUG Engine               - isManualResizeEnabled: false
11:59:47.807 [FXGL Background Thread 3 ] DEBUG Engine               - isMobile: false
11:59:47.808 [FXGL Background Thread 3 ] DEBUG Engine               - isNative: false
11:59:47.808 [FXGL Background Thread 3 ] DEBUG Engine               - isPauseMusicWhenMinimized: true
11:59:47.808 [FXGL Background Thread 3 ] DEBUG Engine               - isPreserveResizeRatio: false
11:59:47.808 [FXGL Background Thread 3 ] DEBUG Engine               - isProfilingEnabled: false
11:59:47.809 [FXGL Background Thread 3 ] DEBUG Engine               - isScaleAffectedOnResize: true
11:59:47.809 [FXGL Background Thread 3 ] DEBUG Engine               - isSingleStep: false
11:59:47.809 [FXGL Background Thread 3 ] DEBUG Engine               - isUserProfileEnabled: false
11:59:47.809 [FXGL Background Thread 3 ] DEBUG Engine               - isWindows: false
11:59:47.809 [FXGL Background Thread 3 ] DEBUG Engine               - language: ObjectProperty [value: ENGLISH]
11:59:47.810 [FXGL Background Thread 3 ] DEBUG Engine               - menuKey: ESCAPE
11:59:47.810 [FXGL Background Thread 3 ] DEBUG Engine               - mouseSensitivity: 0.2
11:59:47.811 [FXGL Background Thread 3 ] DEBUG Engine               - notificationViewClass: class com.almasb.fxgl.notification.view.XboxNotificationView
11:59:47.811 [FXGL Background Thread 3 ] DEBUG Engine               - pixelsPerMeter: 50.0
11:59:47.811 [FXGL Background Thread 3 ] DEBUG Engine               - platform: LINUX
11:59:47.811 [FXGL Background Thread 3 ] DEBUG Engine               - prefHeightProperty: ReadOnlyDoubleProperty [value: 600.0]
11:59:47.812 [FXGL Background Thread 3 ] DEBUG Engine               - prefWidthProperty: ReadOnlyDoubleProperty [value: 800.0]
11:59:47.812 [FXGL Background Thread 3 ] DEBUG Engine               - profileDir: profiles/
11:59:47.812 [FXGL Background Thread 3 ] DEBUG Engine               - profileName: StringProperty [value: DEFAULT]
11:59:47.812 [FXGL Background Thread 3 ] DEBUG Engine               - randomSeed: -1
11:59:47.813 [FXGL Background Thread 3 ] DEBUG Engine               - runtimeInfo: RuntimeInfo(platform=LINUX, version=17.2, build=20.08.2022 16.50)
11:59:47.813 [FXGL Background Thread 3 ] DEBUG Engine               - saveFileExt: sav
11:59:47.813 [FXGL Background Thread 3 ] DEBUG Engine               - scaledHeightProp$fxgl: DoubleProperty [bound, value: 600.0]
11:59:47.814 [FXGL Background Thread 3 ] DEBUG Engine               - scaledWidthProp$fxgl: DoubleProperty [bound, value: 798.0]
11:59:47.814 [FXGL Background Thread 3 ] DEBUG Engine               - sceneFactory: com.almasb.fxgl.app.scene.SceneFactory@48e6a415
11:59:47.814 [FXGL Background Thread 3 ] DEBUG Engine               - secondsIn24h: 60
11:59:47.814 [FXGL Background Thread 3 ] DEBUG Engine               - soundMenuBack: menu/back.wav
11:59:47.814 [FXGL Background Thread 3 ] DEBUG Engine               - soundMenuPress: menu/press.wav
11:59:47.814 [FXGL Background Thread 3 ] DEBUG Engine               - soundMenuSelect: menu/select.wav
11:59:47.814 [FXGL Background Thread 3 ] DEBUG Engine               - soundNotification: core/notification.wav
11:59:47.815 [FXGL Background Thread 3 ] DEBUG Engine               - stageStyle: DECORATED
11:59:47.815 [FXGL Background Thread 3 ] DEBUG Engine               - supportedLanguages: [ENGLISH, FRENCH, GERMAN, HUNGARIAN, RUSSIAN]
11:59:47.815 [FXGL Background Thread 3 ] DEBUG Engine               - ticksPerSecond: -1
11:59:47.815 [FXGL Background Thread 3 ] DEBUG Engine               - title: WorkshopJava
11:59:47.815 [FXGL Background Thread 3 ] DEBUG Engine               - urlGithub: https://github.com/AlmasB/FXGL
11:59:47.815 [FXGL Background Thread 3 ] DEBUG Engine               - urlLeaderboard: http://fxgl-top.herokuapp.com/
11:59:47.815 [FXGL Background Thread 3 ] DEBUG Engine               - urlPOM: https://raw.githubusercontent.com/AlmasB/FXGL/release/README.md
11:59:47.815 [FXGL Background Thread 3 ] DEBUG Engine               - userAppClass: class com.WorkshopJava.app.App
11:59:47.815 [FXGL Background Thread 3 ] DEBUG Engine               - version: 0.0
11:59:47.816 [FXGL Background Thread 3 ] DEBUG Engine               - versionCheckDays: 7
11:59:47.816 [FXGL Background Thread 3 ] DEBUG Engine               - width: 800
11:59:47.816 [FXGL Background Thread 3 ] DEBUG Engine               - Logging services
11:59:47.816 [FXGL Background Thread 3 ] DEBUG Engine               - class com.almasb.fxgl.app.services.FXGLAssetLoaderService
11:59:47.816 [FXGL Background Thread 3 ] DEBUG Engine               - class com.almasb.fxgl.app.FXGLApplication$GameApplicationService
11:59:47.816 [FXGL Background Thread 3 ] DEBUG Engine               - class com.almasb.fxgl.app.services.FXGLDialogService
11:59:47.817 [FXGL Background Thread 3 ] DEBUG Engine               - class com.almasb.fxgl.app.services.IOTaskExecutorService
11:59:47.817 [FXGL Background Thread 3 ] DEBUG Engine               - class com.almasb.fxgl.io.FileSystemService
11:59:47.817 [FXGL Background Thread 3 ] DEBUG Engine               - class com.almasb.fxgl.localization.LocalizationService
11:59:47.817 [FXGL Background Thread 3 ] DEBUG Engine               - class com.almasb.fxgl.app.services.SystemBundleService
11:59:47.817 [FXGL Background Thread 3 ] DEBUG Engine               - class com.almasb.fxgl.profile.SaveLoadService
11:59:47.817 [FXGL Background Thread 3 ] DEBUG Engine               - class com.almasb.fxgl.ui.FXGLUIFactoryServiceProvider
11:59:47.817 [FXGL Background Thread 3 ] DEBUG Engine               - class com.almasb.fxgl.ui.FXGLDialogFactoryServiceProvider
11:59:47.817 [FXGL Background Thread 3 ] DEBUG Engine               - class com.almasb.fxgl.audio.AudioPlayer
11:59:47.818 [FXGL Background Thread 3 ] DEBUG Engine               - class com.almasb.fxgl.notification.impl.NotificationServiceProvider
11:59:47.818 [FXGL Background Thread 3 ] DEBUG Engine               - class com.almasb.fxgl.achievement.AchievementService
11:59:47.818 [FXGL Background Thread 3 ] DEBUG Engine               - class com.almasb.fxgl.cutscene.CutsceneService
11:59:47.818 [FXGL Background Thread 3 ] DEBUG Engine               - class com.almasb.fxgl.minigames.MiniGameService
11:59:47.818 [FXGL Background Thread 3 ] DEBUG Engine               - class com.almasb.fxgl.net.NetService
11:59:47.818 [FXGL Background Thread 3 ] DEBUG Engine               - class com.almasb.fxgl.app.services.UpdaterService
11:59:47.818 [FXGL Background Thread 3 ] DEBUG Engine               - class com.almasb.fxgl.dev.DevService
11:59:50.794 [JavaFX Application Thread] DEBUG FXGLApplication      - Exiting FXGL
11:59:50.794 [JavaFX Application Thread] DEBUG LoopRunner           - Stopping loop
11:59:50.795 [JavaFX Application Thread] DEBUG SystemBundleService  - Saving FXGL system data
11:59:50.798 [JavaFX Application Thread] DEBUG FileSystemAccess     - Writing to: /home/mjunot/delivery2/workshop/JAVA/WorkshopJava/WorkshopJava-app/system/fxgl.bundle
11:59:50.800 [JavaFX Application Thread] DEBUG Async                - Shutting down background threads
11:59:50.800 [JavaFX Application Thread] DEBUG PrimaryStageWindow   - Closing main window
11:59:50.803 [JavaFX Application Thread] DEBUG Logger               - Closing Logger
